#
# There is insufficient memory for the Java Runtime Environment to continue.
# Native memory allocation (malloc) failed to allocate 342256 bytes for Chunk::new
# Possible reasons:
#   The system is out of physical RAM or swap space
#   In 32 bit mode, the process size limit was hit
# Possible solutions:
#   Reduce memory load on the system
#   Increase physical memory or swap space
#   Check if swap backing store is full
#   Use 64 bit Java on a 64 bit OS
#   Decrease Java heap size (-Xmx/-Xms)
#   Decrease number of Java threads
#   Decrease Java thread stack sizes (-Xss)
#   Set larger code cache with -XX:ReservedCodeCacheSize=
# This output file may be truncated or incomplete.
#
#  Out of Memory Error (allocation.cpp:390), pid=19932, tid=16956
#
# JRE version: Java(TM) SE Runtime Environment (8.0_74-b02) (build 1.8.0_74-b02)
# Java VM: Java HotSpot(TM) 64-Bit Server VM (25.74-b02 mixed mode windows-amd64 compressed oops)
# Failed to write core dump. Minidumps are not enabled by default on client versions of Windows
#

---------------  T H R E A D  ---------------

Current thread (0x000000001487d000):  JavaThread "C2 CompilerThread0" daemon [_thread_in_native, id=16956, stack(0x0000000015ed0000,0x0000000015fd0000)]

Stack: [0x0000000015ed0000,0x0000000015fd0000]
[error occurred during error reporting (printing stack bounds), id 0xc0000005]

Native frames: (J=compiled Java code, j=interpreted, Vv=VM code, C=native code)


Current CompileTask:
C2:   4451  713       4       com.android.dx.ssa.SsaBasicBlock::forEachInsn (37 bytes)


---------------  P R O C E S S  ---------------

Java Threads: ( => current thread )
  0x0000000016345000 JavaThread "pool-1-thread-4" [_thread_blocked, id=3256, stack(0x0000000016bd0000,0x0000000016cd0000)]
  0x0000000016289000 JavaThread "pool-1-thread-3" [_thread_blocked, id=14652, stack(0x0000000016ad0000,0x0000000016bd0000)]
  0x0000000016288000 JavaThread "pool-1-thread-2" [_thread_blocked, id=5600, stack(0x00000000169d0000,0x0000000016ad0000)]
  0x000000001626e800 JavaThread "pool-2-thread-1" [_thread_blocked, id=8556, stack(0x00000000168d0000,0x00000000169d0000)]
  0x0000000016245000 JavaThread "pool-1-thread-1" [_thread_in_Java, id=3000, stack(0x00000000167d0000,0x00000000168d0000)]
  0x00000000160dd800 JavaThread "Service Thread" daemon [_thread_blocked, id=22056, stack(0x00000000165d0000,0x00000000166d0000)]
  0x00000000148dc800 JavaThread "C1 CompilerThread2" daemon [_thread_in_vm, id=2120, stack(0x00000000164d0000,0x00000000165d0000)]
  0x0000000014880000 JavaThread "C2 CompilerThread1" daemon [_thread_blocked, id=9356, stack(0x0000000015fd0000,0x00000000160d0000)]
=>0x000000001487d000 JavaThread "C2 CompilerThread0" daemon [_thread_in_native, id=16956, stack(0x0000000015ed0000,0x0000000015fd0000)]
  0x000000001487b000 JavaThread "Attach Listener" daemon [_thread_blocked, id=5056, stack(0x0000000015dd0000,0x0000000015ed0000)]
  0x000000001487a000 JavaThread "Signal Dispatcher" daemon [_thread_blocked, id=11140, stack(0x0000000015cd0000,0x0000000015dd0000)]
  0x000000001486a800 JavaThread "Finalizer" daemon [_thread_blocked, id=22136, stack(0x0000000015ad0000,0x0000000015bd0000)]
  0x0000000014849000 JavaThread "Reference Handler" daemon [_thread_blocked, id=18176, stack(0x00000000159d0000,0x0000000015ad0000)]
  0x000000000054d800 JavaThread "main" [_thread_in_Java, id=22088, stack(0x0000000001f90000,0x0000000002090000)]

Other Threads:
  0x0000000014846800 VMThread [stack: 0x00000000158d0000,0x00000000159d0000] [id=16724]
  0x00000000160eb000 WatcherThread [stack: 0x00000000166d0000,0x00000000167d0000] [id=11172]

VM state:not at safepoint (normal execution)

VM Mutex/Monitor currently owned by a thread: None

Heap:
 PSYoungGen      total 37888K, used 14062K [0x00000000eab00000, 0x00000000ed500000, 0x0000000100000000)
  eden space 32768K, 42% used [0x00000000eab00000,0x00000000eb8bb8f0,0x00000000ecb00000)
  from space 5120K, 0% used [0x00000000ed000000,0x00000000ed000000,0x00000000ed500000)
  to   space 5120K, 0% used [0x00000000ecb00000,0x00000000ecb00000,0x00000000ed000000)
 ParOldGen       total 86016K, used 0K [0x00000000c0000000, 0x00000000c5400000, 0x00000000eab00000)
  object space 86016K, 0% used [0x00000000c0000000,0x00000000c0000000,0x00000000c5400000)
 Metaspace       used 5688K, capacity 6640K, committed 6784K, reserved 1056768K
  class space    used 596K, capacity 616K, committed 640K, reserved 1048576K

Card table byte_map: [0x0000000011550000,0x0000000011760000] byte_map_base: 0x0000000010f50000

Marking Bits: (ParMarkBitMap*) 0x000000006c8f0600
 Begin Bits: [0x0000000011cc0000, 0x0000000012cc0000)
 End Bits:   [0x0000000012cc0000, 0x0000000013cc0000)

Polling page: 0x0000000000520000

CodeCache: size=245760Kb used=3085Kb max_used=3085Kb free=242674Kb
 bounds [0x0000000002190000, 0x00000000024a0000, 0x0000000011190000]
 total_blobs=1013 nmethods=744 adapters=182
 compilation: enabled

Compilation events (10 events):
Event: 4.446 Thread 0x00000000148dc800 nmethod 736 0x00000000024912d0 code [0x00000000024914c0, 0x0000000002491f68]
Event: 4.446 Thread 0x00000000148dc800  737       3       com.android.dx.rop.code.LocalVariableInfo::getAssignment (12 bytes)
Event: 4.446 Thread 0x0000000014880000 nmethod 742 0x0000000002488110 code [0x0000000002488260, 0x0000000002488398]
Event: 4.446 Thread 0x0000000014880000  743   !   4       com.android.dx.util.FixedSizeList::set0 (22 bytes)
Event: 4.446 Thread 0x00000000148dc800 nmethod 737 0x0000000002493790 code [0x0000000002493900, 0x0000000002493c08]
Event: 4.446 Thread 0x00000000148dc800  741       3       com.android.dx.ssa.SsaRenamer$BlockRenamer$RenamingMapper::map (28 bytes)
Event: 4.447 Thread 0x00000000148dc800 nmethod 741 0x0000000002492f10 code [0x00000000024930a0, 0x0000000002493568]
Event: 4.447 Thread 0x00000000148dc800  732       3       com.android.dx.ssa.NormalSsaInsn::toRopInsn (19 bytes)
Event: 4.447 Thread 0x00000000148dc800 nmethod 732 0x0000000002492990 code [0x0000000002492b00, 0x0000000002492e48]
Event: 4.447 Thread 0x00000000148dc800  731       3       com.android.dx.rop.code.ThrowingCstInsn::withNewRegisters (25 bytes)

GC Heap History (0 events):
No events

Deoptimization events (2 events):
Event: 3.954 Thread 0x000000000054d800 Uncommon trap: reason=unstable_if action=reinterpret pc=0x0000000002390724 method=java.util.HashMap.getNode(ILjava/lang/Object;)Ljava/util/HashMap$Node; @ 129
Event: 3.978 Thread 0x0000000016345000 Uncommon trap: reason=unstable_if action=reinterpret pc=0x00000000023d0030 method=java.util.BitSet.nextSetBit(I)I @ 87

Internal exceptions (2 events):
Event: 0.189 Thread 0x000000000054d800 Exception <a 'java/lang/NoSuchMethodError': Method sun.misc.Unsafe.defineClass(Ljava/lang/String;[BII)Ljava/lang/Class; name or signature does not match> (0x00000000eab07cc0) thrown at [C:\re\workspace\8-2-build-windows-amd64-cygwin\jdk8u74\6087\hotspot\srfD
IÙ+È?
Event: 0.189 Thread 0x000000000054d800 Exception <a 'java/lang/NoSuchMethodError': Method sun.misc.Unsafe.prefetchRead(Ljava/lang/Object;J)V name or signature does not match> (0x00000000eab07fa8) thrown at [C:\re\workspace\8-2-build-windows-amd64-cygwin\jdk8u74\6087\hotspot\src\share\vm\prims\j

Events (10 events):
Event: 3.938 loading class com/android/dx/cf/attrib/AttDeprecated
Event: 3.938 loading class com/android/dx/cf/attrib/AttDeprecated done
Event: 3.954 Thread 0x000000000054d800 Uncommon trap: trap_request=0xffffff65 fr.pc=0x0000000002390724
Event: 3.954 Thread 0x000000000054d800 DEOPT PACKING pc=0x0000000002390724 sp=0x000000000208da50
Event: 3.954 Thread 0x000000000054d800 DEOPT UNPACKING pc=0x00000000021d582a sp=0x000000000208d9c8 mode 2
Event: 3.978 Thread 0x0000000016345000 Uncommon trap: trap_request=0xffffff65 fr.pc=0x00000000023d0030
Event: 3.978 Thread 0x0000000016345000 DEOPT PACKING pc=0x00000000023d0030 sp=0x0000000016cce9b0
Event: 3.978 Thread 0x0000000016345000 DEOPT UNPACKING pc=0x00000000021d582a sp=0x0000000016cce948 mode 2
Event: 4.044 loading class java/util/ArrayList$1
Event: 4.044 loading class java/util/ArrayList$1 done


Dynamic libraries:
0x00007ff7e7190000 - 0x00007ff7e71c7000 	C:\Program Files\Java\jdk1.8.0_74\bin\java.exe
0x00007ffbf5fa0000 - 0x00007ffbf6171000 	C:\WINDOWS\SYSTEM32\ntdll.dll
0x00007ffbf5d90000 - 0x00007ffbf5e3b000 	C:\WINDOWS\System32\KERNEL32.DLL
0x00007ffbf2990000 - 0x00007ffbf2bad000 	C:\WINDOWS\System32\KERNELBASE.dll
0x00007ffbf58f0000 - 0x00007ffbf5992000 	C:\WINDOWS\System32\ADVAPI32.dll
0x00007ffbf5ea0000 - 0x00007ffbf5f3e000 	C:\WINDOWS\System32\msvcrt.dll
0x00007ffbf3530000 - 0x00007ffbf3589000 	C:\WINDOWS\System32\sechost.dll
0x00007ffbf5b00000 - 0x00007ffbf5c21000 	C:\WINDOWS\System32\RPCRT4.dll
0x00007ffbf3590000 - 0x00007ffbf36f5000 	C:\WINDOWS\System32\USER32.dll
0x00007ffbf3510000 - 0x00007ffbf352e000 	C:\WINDOWS\System32\win32u.dll
0x00007ffbf52c0000 - 0x00007ffbf52f4000 	C:\WINDOWS\System32\GDI32.dll
0x00007ffbf2800000 - 0x00007ffbf2982000 	C:\WINDOWS\System32\gdi32full.dll
0x00007ffbecca0000 - 0x00007ffbecf1a000 	C:\WINDOWS\WinSxS\amd64_microsoft.windows.common-controls_6595b64144ccf1df_6.0.14393.953_none_42151e83c686086b\COMCTL32.dll
0x00007ffbf5620000 - 0x00007ffbf58e8000 	C:\WINDOWS\System32\combase.dll
0x00007ffbf2700000 - 0x00007ffbf27f5000 	C:\WINDOWS\System32\ucrtbase.dll
0x00007ffbf2530000 - 0x00007ffbf259a000 	C:\WINDOWS\System32\bcryptPrimitives.dll
0x00007ffbf4de0000 - 0x00007ffbf4e0e000 	C:\WINDOWS\System32\IMM32.DLL
0x000000006eb70000 - 0x000000006ec42000 	C:\Program Files\Java\jdk1.8.0_74\jre\bin\msvcr100.dll
0x000000006c0e0000 - 0x000000006c970000 	C:\Program Files\Java\jdk1.8.0_74\jre\bin\server\jvm.dll
0x00007ffbf5470000 - 0x00007ffbf5478000 	C:\WINDOWS\System32\PSAPI.DLL
0x00007ffbef9e0000 - 0x00007ffbef9e9000 	C:\WINDOWS\SYSTEM32\WSOCK32.dll
0x00007ffbf4d70000 - 0x00007ffbf4dda000 	C:\WINDOWS\System32\WS2_32.dll
0x00007ffbf02d0000 - 0x00007ffbf02f3000 	C:\WINDOWS\SYSTEM32\WINMM.dll
0x00007ffbef040000 - 0x00007ffbef04a000 	C:\WINDOWS\SYSTEM32\VERSION.dll
0x00007ffbf0270000 - 0x00007ffbf029b000 	C:\WINDOWS\SYSTEM32\WINMMBASE.dll
0x00007ffbf34c0000 - 0x00007ffbf3502000 	C:\WINDOWS\System32\cfgmgr32.dll
0x000000006eb60000 - 0x000000006eb6f000 	C:\Program Files\Java\jdk1.8.0_74\jre\bin\verify.dll
0x000000006eb30000 - 0x000000006eb59000 	C:\Program Files\Java\jdk1.8.0_74\jre\bin\java.dll
0x000000006eb10000 - 0x000000006eb26000 	C:\Program Files\Java\jdk1.8.0_74\jre\bin\zip.dll
0x00007ffbf3700000 - 0x00007ffbf4c09000 	C:\WINDOWS\System32\SHELL32.dll
0x00007ffbf2bb0000 - 0x00007ffbf328a000 	C:\WINDOWS\System32\windows.storage.dll
0x00007ffbf2420000 - 0x00007ffbf246c000 	C:\WINDOWS\System32\powrprof.dll
0x00007ffbf5e40000 - 0x00007ffbf5e92000 	C:\WINDOWS\System32\shlwapi.dll
0x00007ffbf2400000 - 0x00007ffbf240f000 	C:\WINDOWS\System32\kernel.appcore.dll
0x00007ffbf2650000 - 0x00007ffbf26f9000 	C:\WINDOWS\System32\shcore.dll
0x00007ffbf2470000 - 0x00007ffbf2484000 	C:\WINDOWS\System32\profapi.dll

VM Arguments:
jvm_args: -Xmx1024M -Dfile.encoding=windows-1252 -Duser.country=IN -Duser.language=en -Duser.variant 
java_command: com.android.dx.command.Main --dex --num-threads=4 --output E:\appathon\AndroidLoginAndRegistration v2\AndroidLoginAndRegistration\app\build\intermediates\pre-dexed\debug\classes-94e62a6b527bfa03e7a256bb07df6b825361174e.jar E:\appathon\AndroidLoginAndRegistration v2\AndroidLoginAndRegistration\app\build\intermediates\exploded-aar\com.mcxiaoke.volley\library-aar\1.0.0\jars\classes.jar
java_class_path (initial): C:\Users\subha\AppData\Local\Android\sdk\build-tools\23.0.2\lib\dx.jar
Launcher Type: SUN_STANDARD

Environment Variables:
JAVA_HOME=C:\Program Files\Java\jdk1.8.0_74\
PATH=C:\Program Files (x86)\Intel\iCLS Client\;C:\Program Files\Intel\iCLS Client\;C:\Windows\system32;C:\Windows;C:\Windows\System32\Wbem;C:\Windows\System32\WindowsPowerShell\v1.0\;C:\Program Files (x86)\Intel\Intel(R) Management Engine Components\DAL;C:\Program Files\Intel\Intel(R) Management Engine Components\DAL;C:\Program Files (x86)\Intel\Intel(R) Management Engine Components\IPT;C:\Program Files\Intel\Intel(R) Management Engine Components\IPT;C:\Program Files (x86)\NVIDIA Corporation\PhysX\Common;C:\Program Files (x86)\GtkSharp\2.12\bin;C:\WINDOWS\system32;C:\WINDOWS;C:\WINDOWS\System32\Wbem;C:\WINDOWS\System32\WindowsPowerShell\v1.0\;C:\Program Files (x86)\Common Files\lenovo\easyplussdk\bin;C:\Program Files\Git\cmd;C:\Program Files\Git\mingw64\bin;C:\Program Files\Git\usr\bin;C:\Program Files\Java\jdk1.8.0_74
USERNAME=subha
OS=Windows_NT
PROCESSOR_IDENTIFIER=Intel64 Family 6 Model 78 Stepping 3, GenuineIntel



---------------  S Y S T E M  ---------------

OS: Windows 10.0 , 64 bit Build 14393 (10.0.14393.0)

CPU:total 4 (2 cores per cpu, 2 threads per core) family 6 model 78 stepping 3, cmov, cx8, fxsr, mmx, sse, sse2, sse3, ssse3, sse4.1, sse4.2, popcnt, avx, avx2, aes, clmul, erms, 3dnowpref, lzcnt, ht, tsc, tscinvbit, bmi1, bmi2, adx

Memory: 4k page, physical 8223592k(457924k free), swap 18072296k(176k free)

vm_info: Java HotSpot(TM) 64-Bit Server VM (25.74-b02) for windows-amd64 JRE (1.8.0_74-b02), built on Jan 29 2016 17:42:36 by "java_re" with MS VC++ 10.0 (VS2010)

time: Sun Apr 16 05:17:13 2017
elapsed time: 4 seconds (0d 0h 0m 4s)

