#
# There is insufficient memory for the Java Runtime Environment to continue.
# Native memory allocation (malloc) failed to allocate 688496 bytes for Chunk::new
# Possible reasons:
#   The system is out of physical RAM or swap space
#   In 32 bit mode, the process size limit was hit
# Possible solutions:
#   Reduce memory load on the system
#   Increase physical memory or swap space
#   Check if swap backing store is full
#   Use 64 bit Java on a 64 bit OS
#   Decrease Java heap size (-Xmx/-Xms)
#   Decrease number of Java threads
#   Decrease Java thread stack sizes (-Xss)
#   Set larger code cache with -XX:ReservedCodeCacheSize=
# This output file may be truncated or incomplete.
#
#  Out of Memory Error (allocation.cpp:390), pid=7780, tid=6956
#
# JRE version: Java(TM) SE Runtime Environment (8.0_74-b02) (build 1.8.0_74-b02)
# Java VM: Java HotSpot(TM) 64-Bit Server VM (25.74-b02 mixed mode windows-amd64 compressed oops)
# Failed to write core dump. Minidumps are not enabled by default on client versions of Windows
#

---------------  T H R E A D  ---------------

Current thread (0x0000000014f6e800):  JavaThread "C2 CompilerThread0" daemon [_thread_in_native, id=6956, stack(0x00000000164d0000,0x00000000165d0000)]

Stack: [0x00000000164d0000,0x00000000165d0000]
[error occurred during error reporting (printing stack bounds), id 0xc0000005]

Native frames: (J=compiled Java code, j=interpreted, Vv=VM code, C=native code)


Current CompileTask:
C2:  23757 2257 %     4       com.android.dx.ssa.SCCP::run @ 93 (298 bytes)


---------------  P R O C E S S  ---------------

Java Threads: ( => current thread )
  0x0000000016a8f800 JavaThread "pool-2-thread-4" [_thread_in_Java, id=3736, stack(0x00000000171d0000,0x00000000172d0000)]
  0x0000000016a8f000 JavaThread "pool-2-thread-3" [_thread_in_Java, id=18584, stack(0x00000000170d0000,0x00000000171d0000)]
  0x0000000016a8e000 JavaThread "pool-2-thread-2" [_thread_in_Java, id=7908, stack(0x0000000016fd0000,0x00000000170d0000)]
  0x0000000016a8b800 JavaThread "pool-3-thread-1" [_thread_blocked, id=11944, stack(0x0000000016ed0000,0x0000000016fd0000)]
  0x00000000167d0800 JavaThread "Service Thread" daemon [_thread_blocked, id=19932, stack(0x0000000016bd0000,0x0000000016cd0000)]
  0x0000000014fca800 JavaThread "C1 CompilerThread2" daemon [_thread_blocked, id=6844, stack(0x00000000166d0000,0x00000000167d0000)]
  0x0000000014f71800 JavaThread "C2 CompilerThread1" daemon [_thread_in_native, id=15052, stack(0x00000000165d0000,0x00000000166d0000)]
=>0x0000000014f6e800 JavaThread "C2 CompilerThread0" daemon [_thread_in_native, id=6956, stack(0x00000000164d0000,0x00000000165d0000)]
  0x0000000014f6c800 JavaThread "Attach Listener" daemon [_thread_blocked, id=11612, stack(0x00000000163d0000,0x00000000164d0000)]
  0x0000000014f6b000 JavaThread "Signal Dispatcher" daemon [_thread_blocked, id=4344, stack(0x00000000162d0000,0x00000000163d0000)]
  0x0000000014f5a800 JavaThread "Finalizer" daemon [_thread_blocked, id=10088, stack(0x00000000161d0000,0x00000000162d0000)]
  0x0000000014f39000 JavaThread "Reference Handler" daemon [_thread_blocked, id=7888, stack(0x00000000160d0000,0x00000000161d0000)]
  0x0000000000d3e000 JavaThread "main" [_thread_blocked, id=18488, stack(0x00000000024a0000,0x00000000025a0000)]

Other Threads:
  0x0000000014f37800 VMThread [stack: 0x0000000015fd0000,0x00000000160d0000] [id=11764]
  0x00000000167db800 WatcherThread [stack: 0x0000000016cd0000,0x0000000016dd0000] [id=3592]

VM state:not at safepoint (normal execution)

VM Mutex/Monitor currently owned by a thread: None

Heap:
 PSYoungGen      total 144384K, used 62379K [0x00000000eab00000, 0x00000000f4f00000, 0x0000000100000000)
  eden space 128512K, 36% used [0x00000000eab00000,0x00000000ed86af38,0x00000000f2880000)
  from space 15872K, 99% used [0x00000000f3a80000,0x00000000f49ffd50,0x00000000f4a00000)
  to   space 18432K, 0% used [0x00000000f2880000,0x00000000f2880000,0x00000000f3a80000)
 ParOldGen       total 86016K, used 25387K [0x00000000c0000000, 0x00000000c5400000, 0x00000000eab00000)
  object space 86016K, 29% used [0x00000000c0000000,0x00000000c18caf60,0x00000000c5400000)
 Metaspace       used 6501K, capacity 7256K, committed 7424K, reserved 1056768K
  class space    used 627K, capacity 656K, committed 768K, reserved 1048576K

Card table byte_map: [0x0000000011c60000,0x0000000011e70000] byte_map_base: 0x0000000011660000

Marking Bits: (ParMarkBitMap*) 0x000000006c8f0600
 Begin Bits: [0x00000000123d0000, 0x00000000133d0000)
 End Bits:   [0x00000000133d0000, 0x00000000143d0000)

Polling page: 0x0000000000cb0000

CodeCache: size=245760Kb used=9384Kb max_used=9404Kb free=236375Kb
 bounds [0x00000000028a0000, 0x00000000031e0000, 0x00000000118a0000]
 total_blobs=2286 nmethods=2016 adapters=182
 compilation: enabled

Compilation events (10 events):
Event: 23.482 Thread 0x0000000014fca800 2278       2       com.android.dx.command.dexer.Main$ClassDefItemConsumer::call (5 bytes)
Event: 23.483 Thread 0x0000000014fca800 nmethod 2278 0x00000000031ce950 code [0x00000000031ceac0, 0x00000000031cec28]
Event: 23.483 Thread 0x0000000014fca800 2281       1       com.android.dx.command.dexer.Main::access$1300 (4 bytes)
Event: 23.484 Thread 0x0000000014fca800 nmethod 2281 0x0000000003199290 code [0x00000000031993e0, 0x00000000031994d0]
Event: 23.484 Thread 0x0000000014fca800 2279   !   2       com.android.dx.command.dexer.Main$ClassDefItemConsumer::call (177 bytes)
Event: 23.487 Thread 0x0000000014fca800 nmethod 2279 0x00000000031cd490 code [0x00000000031cd680, 0x00000000031ce038]
Event: 23.487 Thread 0x0000000014fca800 2280       2       java.util.concurrent.FutureTask::get (23 bytes)
Event: 23.487 Thread 0x0000000014fca800 nmethod 2280 0x00000000031c67d0 code [0x00000000031c6940, 0x00000000031c6af8]
Event: 23.673 Thread 0x0000000014f6e800 nmethod 2247 0x00000000031d2e50 code [0x00000000031d3100, 0x00000000031d5608]
Event: 23.674 Thread 0x0000000014f6e800 2257 %     4       com.android.dx.ssa.SCCP::run @ 93 (298 bytes)

GC Heap History (10 events):
Event: 4.518 GC heap before
{Heap before GC invocations=2 (full 0):
 PSYoungGen      total 37888K, used 37877K [0x00000000eab00000, 0x00000000ed500000, 0x0000000100000000)
  eden space 32768K, 100% used [0x00000000eab00000,0x00000000ecb00000,0x00000000ecb00000)
  from space 5120K, 99% used [0x00000000ecb00000,0x00000000ecffd620,0x00000000ed000000)
  to   space 5120K, 0% used [0x00000000ed000000,0x00000000ed000000,0x00000000ed500000)
 ParOldGen       total 86016K, used 1070K [0x00000000c0000000, 0x00000000c5400000, 0x00000000eab00000)
  object space 86016K, 1% used [0x00000000c0000000,0x00000000c010b9f0,0x00000000c5400000)
 Metaspace       used 6228K, capacity 7090K, committed 7296K, reserved 1056768K
  class space    used 604K, capacity 618K, committed 640K, reserved 1048576K
Event: 4.656 GC heap after
Heap after GC invocations=2 (full 0):
 PSYoungGen      total 37888K, used 5108K [0x00000000eab00000, 0x00000000ef500000, 0x0000000100000000)
  eden space 32768K, 0% used [0x00000000eab00000,0x00000000eab00000,0x00000000ecb00000)
  from space 5120K, 99% used [0x00000000ed000000,0x00000000ed4fd168,0x00000000ed500000)
  to   space 5120K, 0% used [0x00000000ecb00000,0x00000000ecb00000,0x00000000ed000000)
 ParOldGen       total 86016K, used 5406K [0x00000000c0000000, 0x00000000c5400000, 0x00000000eab00000)
  object space 86016K, 6% used [0x00000000c0000000,0x00000000c0547b38,0x00000000c5400000)
 Metaspace       used 6228K, capacity 7090K, committed 7296K, reserved 1056768K
  class space    used 604K, capacity 618K, committed 640K, reserved 1048576K
}
Event: 5.807 GC heap before
{Heap before GC invocations=3 (full 0):
 PSYoungGen      total 37888K, used 37876K [0x00000000eab00000, 0x00000000ef500000, 0x0000000100000000)
  eden space 32768K, 100% used [0x00000000eab00000,0x00000000ecb00000,0x00000000ecb00000)
  from space 5120K, 99% used [0x00000000ed000000,0x00000000ed4fd168,0x00000000ed500000)
  to   space 5120K, 0% used [0x00000000ecb00000,0x00000000ecb00000,0x00000000ed000000)
 ParOldGen       total 86016K, used 5406K [0x00000000c0000000, 0x00000000c5400000, 0x00000000eab00000)
  object space 86016K, 6% used [0x00000000c0000000,0x00000000c0547b38,0x00000000c5400000)
 Metaspace       used 6275K, capacity 7154K, committed 7296K, reserved 1056768K
  class space    used 604K, capacity 618K, committed 640K, reserved 1048576K
Event: 5.869 GC heap after
Heap after GC invocations=3 (full 0):
 PSYoungGen      total 37888K, used 5110K [0x00000000eab00000, 0x00000000ef500000, 0x0000000100000000)
  eden space 32768K, 0% used [0x00000000eab00000,0x00000000eab00000,0x00000000ecb00000)
  from space 5120K, 99% used [0x00000000ecb00000,0x00000000ecffd860,0x00000000ed000000)
  to   space 5120K, 0% used [0x00000000ef000000,0x00000000ef000000,0x00000000ef500000)
 ParOldGen       total 86016K, used 10096K [0x00000000c0000000, 0x00000000c5400000, 0x00000000eab00000)
  object space 86016K, 11% used [0x00000000c0000000,0x00000000c09dc190,0x00000000c5400000)
 Metaspace       used 6275K, capacity 7154K, committed 7296K, reserved 1056768K
  class space    used 604K, capacity 618K, committed 640K, reserved 1048576K
}
Event: 7.035 GC heap before
{Heap before GC invocations=4 (full 0):
 PSYoungGen      total 37888K, used 37878K [0x00000000eab00000, 0x00000000ef500000, 0x0000000100000000)
  eden space 32768K, 100% used [0x00000000eab00000,0x00000000ecb00000,0x00000000ecb00000)
  from space 5120K, 99% used [0x00000000ecb00000,0x00000000ecffd860,0x00000000ed000000)
  to   space 5120K, 0% used [0x00000000ef000000,0x00000000ef000000,0x00000000ef500000)
 ParOldGen       total 86016K, used 10096K [0x00000000c0000000, 0x00000000c5400000, 0x00000000eab00000)
  object space 86016K, 11% used [0x00000000c0000000,0x00000000c09dc190,0x00000000c5400000)
 Metaspace       used 6312K, capacity 7154K, committed 7296K, reserved 1056768K
  class space    used 604K, capacity 618K, committed 640K, reserved 1048576K
Event: 7.671 GC heap after
Heap after GC invocations=4 (full 0):
 PSYoungGen      total 70656K, used 5090K [0x00000000eab00000, 0x00000000ef500000, 0x0000000100000000)
  eden space 65536K, 0% used [0x00000000eab00000,0x00000000eab00000,0x00000000eeb00000)
  from space 5120K, 99% used [0x00000000ef000000,0x00000000ef4f89f0,0x00000000ef500000)
  to   space 5120K, 0% used [0x00000000eeb00000,0x00000000eeb00000,0x00000000ef000000)
 ParOldGen       total 86016K, used 15575K [0x00000000c0000000, 0x00000000c5400000, 0x00000000eab00000)
  object space 86016K, 18% used [0x00000000c0000000,0x00000000c0f35e38,0x00000000c5400000)
 Metaspace       used 6312K, capacity 7154K, committed 7296K, reserved 1056768K
  class space    used 604K, capacity 618K, committed 640K, reserved 1048576K
}
Event: 12.021 GC heap before
{Heap before GC invocations=5 (full 0):
 PSYoungGen      total 70656K, used 70626K [0x00000000eab00000, 0x00000000ef500000, 0x0000000100000000)
  eden space 65536K, 100% used [0x00000000eab00000,0x00000000eeb00000,0x00000000eeb00000)
  from space 5120K, 99% used [0x00000000ef000000,0x00000000ef4f89f0,0x00000000ef500000)
  to   space 5120K, 0% used [0x00000000eeb00000,0x00000000eeb00000,0x00000000ef000000)
 ParOldGen       total 86016K, used 15575K [0x00000000c0000000, 0x00000000c5400000, 0x00000000eab00000)
  object space 86016K, 18% used [0x00000000c0000000,0x00000000c0f35e38,0x00000000c5400000)
 Metaspace       used 6420K, capacity 7192K, committed 7424K, reserved 1056768K
  class space    used 625K, capacity 656K, committed 768K, reserved 1048576K
Event: 13.001 GC heap after
Heap after GC invocations=5 (full 0):
 PSYoungGen      total 70656K, used 5100K [0x00000000eab00000, 0x00000000f4a00000, 0x0000000100000000)
  eden space 65536K, 0% used [0x00000000eab00000,0x00000000eab00000,0x00000000eeb00000)
  from space 5120K, 99% used [0x00000000eeb00000,0x00000000eeffb280,0x00000000ef000000)
  to   space 15872K, 0% used [0x00000000f3a80000,0x00000000f3a80000,0x00000000f4a00000)
 ParOldGen       total 86016K, used 25029K [0x00000000c0000000, 0x00000000c5400000, 0x00000000eab00000)
  object space 86016K, 29% used [0x00000000c0000000,0x00000000c1871620,0x00000000c5400000)
 Metaspace       used 6420K, capacity 7192K, committed 7424K, reserved 1056768K
  class space    used 625K, capacity 656K, committed 768K, reserved 1048576K
}
Event: 19.861 GC heap before
{Heap before GC invocations=6 (full 0):
 PSYoungGen      total 70656K, used 70636K [0x00000000eab00000, 0x00000000f4a00000, 0x0000000100000000)
  eden space 65536K, 100% used [0x00000000eab00000,0x00000000eeb00000,0x00000000eeb00000)
  from space 5120K, 99% used [0x00000000eeb00000,0x00000000eeffb280,0x00000000ef000000)
  to   space 15872K, 0% used [0x00000000f3a80000,0x00000000f3a80000,0x00000000f4a00000)
 ParOldGen       total 86016K, used 25029K [0x00000000c0000000, 0x00000000c5400000, 0x00000000eab00000)
  object space 86016K, 29% used [0x00000000c0000000,0x00000000c1871620,0x00000000c5400000)
 Metaspace       used 6479K, capacity 7192K, committed 7424K, reserved 1056768K
  class space    used 625K, capacity 656K, committed 768K, reserved 1048576K
Event: 21.808 GC heap after
Heap after GC invocations=6 (full 0):
 PSYoungGen      total 144384K, used 15871K [0x00000000eab00000, 0x00000000f4f00000, 0x0000000100000000)
  eden space 128512K, 0% used [0x00000000eab00000,0x00000000eab00000,0x00000000f2880000)
  from space 15872K, 99% used [0x00000000f3a80000,0x00000000f49ffd50,0x00000000f4a00000)
  to   space 18432K, 0% used [0x00000000f2880000,0x00000000f2880000,0x00000000f3a80000)
 ParOldGen       total 86016K, used 25387K [0x00000000c0000000, 0x00000000c5400000, 0x00000000eab00000)
  object space 86016K, 29% used [0x00000000c0000000,0x00000000c18caf60,0x00000000c5400000)
 Metaspace       used 6479K, capacity 7192K, committed 7424K, reserved 1056768K
  class space    used 625K, capacity 656K, committed 768K, reserved 1048576K
}

Deoptimization events (10 events):
Event: 13.220 Thread 0x0000000016a8f000 Uncommon trap: reason=unstable_if action=reinterpret pc=0x0000000002e0c48c method=com.android.dx.ssa.MoveParamCombiner$1.visitNonMoveInsn(Lcom/android/dx/ssa/NormalSsaInsn;)V @ 27
Event: 13.272 Thread 0x0000000000d3e000 Uncommon trap: reason=unstable_if action=reinterpret pc=0x0000000003067948 method=com.android.dx.rop.code.DexTranslationAdvice.hasConstantOperation(Lcom/android/dx/rop/code/Rop;Lcom/android/dx/rop/code/RegisterSpec;Lcom/android/dx/rop/code/RegisterSpec;)Z 
Event: 13.303 Thread 0x0000000000d3e000 Uncommon trap: reason=unstable_if action=reinterpret pc=0x0000000002cc8650 method=java.util.HashMap.putVal(ILjava/lang/Object;Ljava/lang/Object;ZZ)Ljava/lang/Object; @ 162
Event: 14.008 Thread 0x0000000016a8f000 Uncommon trap: reason=unstable_if action=reinterpret pc=0x0000000003099548 method=com.android.dx.rop.code.RegisterSpec.intersect(Lcom/android/dx/rop/code/RegisterSpec;Z)Lcom/android/dx/rop/code/RegisterSpec; @ 42
Event: 15.554 Thread 0x0000000016a8f000 Uncommon trap: reason=unstable_if action=reinterpret pc=0x0000000002fea4fc method=java.util.HashMap.resize()[Ljava/util/HashMap$Node; @ 206
Event: 21.883 Thread 0x0000000016a8e000 Uncommon trap: reason=unstable_if action=reinterpret pc=0x0000000002fc6244 method=com.android.dx.ssa.SCCP.simulateBranch(Lcom/android/dx/ssa/SsaInsn;)V @ 548
Event: 21.906 Thread 0x0000000016a8e000 Uncommon trap: reason=unstable_if action=reinterpret pc=0x000000000304e1d0 method=com.android.dx.cf.code.ByteCatchList.listFor(I)Lcom/android/dx/cf/code/ByteCatchList; @ 47
Event: 23.048 Thread 0x0000000000d3e000 Uncommon trap: reason=bimorphic action=maybe_recompile pc=0x0000000002e468f0 method=com.android.dx.ssa.LiteralOpUpgrader.tryReplacingWithConstant(Lcom/android/dx/ssa/NormalSsaInsn;)Z @ 62
Event: 23.063 Thread 0x0000000016a8f000 Uncommon trap: reason=unstable_if action=reinterpret pc=0x0000000002f96bc4 method=com.android.dx.rop.cst.CstNat.equals(Ljava/lang/Object;)Z @ 25
Event: 23.423 Thread 0x0000000000d3e000 Uncommon trap: reason=unstable_if action=reinterpret pc=0x000000000309a930 method=com.android.dx.rop.code.RegisterSpec.intersect(Lcom/android/dx/rop/code/RegisterSpec;Z)Lcom/android/dx/rop/code/RegisterSpec; @ 42

Internal exceptions (5 events):
Event: 0.151 Thread 0x0000000000d3e000 Exception <a 'java/lang/NoSuchMethodError': Method sun.misc.Unsafe.defineClass(Ljava/lang/String;[BII)Ljava/lang/Class; name or signature does not match> (0x00000000eab07cc0) thrown at [C:\re\workspace\8-2-build-windows-amd64-cygwin\jdk8u74\6087\hotspot\srè<P¿_^Ã?
Event: 0.151 Thread 0x0000000000d3e000 Exception <a 'java/lang/NoSuchMethodError': Method sun.misc.Unsafe.prefetchRead(Ljava/lang/Object;J)V name or signature does not match> (0x00000000eab07fa8) thrown at [C:\re\workspace\8-2-build-windows-amd64-cygwin\jdk8u74\6087\hotspot\src\share\vm\prims\jI6c~Ö!@
Event: 8.919 Thread 0x0000000016a88000 Exception <a 'java/lang/ArrayIndexOutOfBoundsException': 18> (0x00000000ece47320) thrown at [C:\re\workspace\8-2-build-windows-amd64-cygwin\jdk8u74\6087\hotspot\src\share\vm\interpreter\interpreterRuntime.cpp, line 366]
Event: 8.921 Thread 0x0000000016a88000 Exception <a 'java/lang/ArrayIndexOutOfBoundsException'> (0x00000000ece48ea0) thrown at [C:\re\workspace\8-2-build-windows-amd64-cygwin\jdk8u74\6087\hotspot\src\share\vm\runtime\sharedRuntime.cpp, line 605]
Event: 9.680 Thread 0x0000000016a88000 Exception <a 'java/lang/ArrayIndexOutOfBoundsException'> (0x00000000ece4a188) thrown at [C:\re\workspace\8-2-build-windows-amd64-cygwin\jdk8u74\6087\hotspot\src\share\vm\runtime\sharedRuntime.cpp, line 605]

Events (10 events):
Event: 23.411 loading class com/android/dx/cf/iface/ParseObserver
Event: 23.411 loading class com/android/dx/cf/iface/ParseObserver done
Event: 23.423 Thread 0x0000000000d3e000 Uncommon trap: trap_request=0xffffff65 fr.pc=0x000000000309a930
Event: 23.423 Thread 0x0000000000d3e000 DEOPT PACKING pc=0x000000000309a930 sp=0x000000000259e560
Event: 23.423 Thread 0x0000000000d3e000 DEOPT UNPACKING pc=0x00000000028e582a sp=0x000000000259e4d8 mode 2
Event: 23.432 loading class java/util/HashMap$KeySet
Event: 23.432 loading class java/util/HashMap$KeySet done
Event: 23.433 loading class java/util/HashMap$KeyIterator
Event: 23.433 loading class java/util/HashMap$KeyIterator done
Event: 23.487 Thread 0x0000000016a88000 Thread exited: 0x0000000016a88000


Dynamic libraries:
0x00007ff7e7190000 - 0x00007ff7e71c7000 	C:\Program Files\Java\jdk1.8.0_74\bin\java.exe
0x00007ffbf5fa0000 - 0x00007ffbf6171000 	C:\WINDOWS\SYSTEM32\ntdll.dll
0x00007ffbf5d90000 - 0x00007ffbf5e3b000 	C:\WINDOWS\System32\KERNEL32.DLL
0x00007ffbf2990000 - 0x00007ffbf2bad000 	C:\WINDOWS\System32\KERNELBASE.dll
0x00007ffbf58f0000 - 0x00007ffbf5992000 	C:\WINDOWS\System32\ADVAPI32.dll
0x00007ffbf5ea0000 - 0x00007ffbf5f3e000 	C:\WINDOWS\System32\msvcrt.dll
0x00007ffbf3530000 - 0x00007ffbf3589000 	C:\WINDOWS\System32\sechost.dll
0x00007ffbf5b00000 - 0x00007ffbf5c21000 	C:\WINDOWS\System32\RPCRT4.dll
0x00007ffbf3590000 - 0x00007ffbf36f5000 	C:\WINDOWS\System32\USER32.dll
0x00007ffbf3510000 - 0x00007ffbf352e000 	C:\WINDOWS\System32\win32u.dll
0x00007ffbf52c0000 - 0x00007ffbf52f4000 	C:\WINDOWS\System32\GDI32.dll
0x00007ffbf2800000 - 0x00007ffbf2982000 	C:\WINDOWS\System32\gdi32full.dll
0x00007ffbecca0000 - 0x00007ffbecf1a000 	C:\WINDOWS\WinSxS\amd64_microsoft.windows.common-controls_6595b64144ccf1df_6.0.14393.953_none_42151e83c686086b\COMCTL32.dll
0x00007ffbf5620000 - 0x00007ffbf58e8000 	C:\WINDOWS\System32\combase.dll
0x00007ffbf2700000 - 0x00007ffbf27f5000 	C:\WINDOWS\System32\ucrtbase.dll
0x00007ffbf2530000 - 0x00007ffbf259a000 	C:\WINDOWS\System32\bcryptPrimitives.dll
0x00007ffbf4de0000 - 0x00007ffbf4e0e000 	C:\WINDOWS\System32\IMM32.DLL
0x000000006eb70000 - 0x000000006ec42000 	C:\Program Files\Java\jdk1.8.0_74\jre\bin\msvcr100.dll
0x000000006c0e0000 - 0x000000006c970000 	C:\Program Files\Java\jdk1.8.0_74\jre\bin\server\jvm.dll
0x00007ffbf5470000 - 0x00007ffbf5478000 	C:\WINDOWS\System32\PSAPI.DLL
0x00007ffbef9e0000 - 0x00007ffbef9e9000 	C:\WINDOWS\SYSTEM32\WSOCK32.dll
0x00007ffbf4d70000 - 0x00007ffbf4dda000 	C:\WINDOWS\System32\WS2_32.dll
0x00007ffbf02d0000 - 0x00007ffbf02f3000 	C:\WINDOWS\SYSTEM32\WINMM.dll
0x00007ffbef040000 - 0x00007ffbef04a000 	C:\WINDOWS\SYSTEM32\VERSION.dll
0x00007ffbf0270000 - 0x00007ffbf029b000 	C:\WINDOWS\SYSTEM32\WINMMBASE.dll
0x00007ffbf34c0000 - 0x00007ffbf3502000 	C:\WINDOWS\System32\cfgmgr32.dll
0x000000006eb60000 - 0x000000006eb6f000 	C:\Program Files\Java\jdk1.8.0_74\jre\bin\verify.dll
0x000000006eb30000 - 0x000000006eb59000 	C:\Program Files\Java\jdk1.8.0_74\jre\bin\java.dll
0x000000006eb10000 - 0x000000006eb26000 	C:\Program Files\Java\jdk1.8.0_74\jre\bin\zip.dll
0x00007ffbf3700000 - 0x00007ffbf4c09000 	C:\WINDOWS\System32\SHELL32.dll
0x00007ffbf2bb0000 - 0x00007ffbf328a000 	C:\WINDOWS\System32\windows.storage.dll
0x00007ffbf2420000 - 0x00007ffbf246c000 	C:\WINDOWS\System32\powrprof.dll
0x00007ffbf5e40000 - 0x00007ffbf5e92000 	C:\WINDOWS\System32\shlwapi.dll
0x00007ffbf2400000 - 0x00007ffbf240f000 	C:\WINDOWS\System32\kernel.appcore.dll
0x00007ffbf2650000 - 0x00007ffbf26f9000 	C:\WINDOWS\System32\shcore.dll
0x00007ffbf2470000 - 0x00007ffbf2484000 	C:\WINDOWS\System32\profapi.dll

VM Arguments:
jvm_args: -Djava.awt.headless=true -Xmx1024M -Dfile.encoding=windows-1252 -Duser.country=IN -Duser.language=en -Duser.variant 
java_command: com.android.dx.command.Main --dex --force-jumbo --num-threads=4 --multi-dex --output E:\appathon\AndroidLoginAndRegistration v2\AndroidLoginAndRegistration\app\build\intermediates\transforms\dex\debug\folders\1000\10\classes_61b083636734b61ce3730bcec1196aabdb3c4995 C:\Users\subha\.android\build-cache\54c792139165f03ee3840222a5a1b6131c14b35e\output\jars\classes.jar
java_class_path (initial): C:\Users\subha\AppData\Local\Android\sdk\build-tools\25.0.0\lib\dx.jar
Launcher Type: SUN_STANDARD

Environment Variables:
JAVA_HOME=C:\Program Files\Java\jdk1.8.0_74\
PATH=C:\Program Files (x86)\Intel\iCLS Client\;C:\Program Files\Intel\iCLS Client\;C:\Windows\system32;C:\Windows;C:\Windows\System32\Wbem;C:\Windows\System32\WindowsPowerShell\v1.0\;C:\Program Files (x86)\Intel\Intel(R) Management Engine Components\DAL;C:\Program Files\Intel\Intel(R) Management Engine Components\DAL;C:\Program Files (x86)\Intel\Intel(R) Management Engine Components\IPT;C:\Program Files\Intel\Intel(R) Management Engine Components\IPT;C:\Program Files (x86)\NVIDIA Corporation\PhysX\Common;C:\Program Files (x86)\GtkSharp\2.12\bin;C:\WINDOWS\system32;C:\WINDOWS;C:\WINDOWS\System32\Wbem;C:\WINDOWS\System32\WindowsPowerShell\v1.0\;C:\Program Files (x86)\Common Files\lenovo\easyplussdk\bin;C:\Program Files\Git\cmd;C:\Program Files\Git\mingw64\bin;C:\Program Files\Git\usr\bin;C:\Program Files\Java\jdk1.8.0_74
USERNAME=subha
OS=Windows_NT
PROCESSOR_IDENTIFIER=Intel64 Family 6 Model 78 Stepping 3, GenuineIntel



---------------  S Y S T E M  ---------------

OS: Windows 10.0 , 64 bit Build 14393 (10.0.14393.0)

CPU:total 4 (2 cores per cpu, 2 threads per core) family 6 model 78 stepping 3, cmov, cx8, fxsr, mmx, sse, sse2, sse3, ssse3, sse4.1, sse4.2, popcnt, avx, avx2, aes, clmul, erms, 3dnowpref, lzcnt, ht, tsc, tscinvbit, bmi1, bmi2, adx

Memory: 4k page, physical 8223592k(675272k free), swap 18072296k(4016k free)

vm_info: Java HotSpot(TM) 64-Bit Server VM (25.74-b02) for windows-amd64 JRE (1.8.0_74-b02), built on Jan 29 2016 17:42:36 by "java_re" with MS VC++ 10.0 (VS2010)

time: Sun Apr 16 05:47:45 2017
elapsed time: 23 seconds (0d 0h 0m 23s)

