#
# There is insufficient memory for the Java Runtime Environment to continue.
# Native memory allocation (malloc) failed to allocate 1529216 bytes for Chunk::new
# Possible reasons:
#   The system is out of physical RAM or swap space
#   In 32 bit mode, the process size limit was hit
# Possible solutions:
#   Reduce memory load on the system
#   Increase physical memory or swap space
#   Check if swap backing store is full
#   Use 64 bit Java on a 64 bit OS
#   Decrease Java heap size (-Xmx/-Xms)
#   Decrease number of Java threads
#   Decrease Java thread stack sizes (-Xss)
#   Set larger code cache with -XX:ReservedCodeCacheSize=
# This output file may be truncated or incomplete.
#
#  Out of Memory Error (allocation.cpp:390), pid=4004, tid=15232
#
# JRE version: Java(TM) SE Runtime Environment (8.0_74-b02) (build 1.8.0_74-b02)
# Java VM: Java HotSpot(TM) 64-Bit Server VM (25.74-b02 mixed mode windows-amd64 compressed oops)
# Failed to write core dump. Minidumps are not enabled by default on client versions of Windows
#

---------------  T H R E A D  ---------------

Current thread (0x000000001571a000):  JavaThread "C2 CompilerThread1" daemon [_thread_in_native, id=15232, stack(0x0000000016e20000,0x0000000016f20000)]

Stack: [0x0000000016e20000,0x0000000016f20000]
[error occurred during error reporting (printing stack bounds), id 0xc0000005]

Native frames: (J=compiled Java code, j=interpreted, Vv=VM code, C=native code)


Current CompileTask:
C2:  23170 1705   !   4       com.android.dx.cf.code.BytecodeArray::parseInstruction (2764 bytes)


---------------  P R O C E S S  ---------------

Java Threads: ( => current thread )
  0x00000000171ab800 JavaThread "pool-2-thread-4" [_thread_in_Java, id=13128, stack(0x0000000017a20000,0x0000000017b20000)]
  0x00000000171aa000 JavaThread "pool-2-thread-3" [_thread_in_Java, id=19272, stack(0x0000000017920000,0x0000000017a20000)]
  0x00000000171a9000 JavaThread "pool-2-thread-2" [_thread_in_Java, id=8668, stack(0x0000000017820000,0x0000000017920000)]
  0x00000000171cf800 JavaThread "pool-3-thread-1" [_thread_blocked, id=6004, stack(0x0000000017720000,0x0000000017820000)]
  0x00000000171e4800 JavaThread "pool-2-thread-1" [_thread_blocked, id=8840, stack(0x0000000017620000,0x0000000017720000)]
  0x0000000016f26800 JavaThread "Service Thread" daemon [_thread_blocked, id=6120, stack(0x0000000017420000,0x0000000017520000)]
  0x000000001571c800 JavaThread "C1 CompilerThread2" daemon [_thread_blocked, id=10680, stack(0x0000000017320000,0x0000000017420000)]
=>0x000000001571a000 JavaThread "C2 CompilerThread1" daemon [_thread_in_native, id=15232, stack(0x0000000016e20000,0x0000000016f20000)]
  0x00000000156bd000 JavaThread "C2 CompilerThread0" daemon [_thread_in_native, id=10096, stack(0x0000000016d20000,0x0000000016e20000)]
  0x00000000156bb800 JavaThread "Attach Listener" daemon [_thread_blocked, id=17960, stack(0x0000000016c20000,0x0000000016d20000)]
  0x00000000156ba000 JavaThread "Signal Dispatcher" daemon [_thread_blocked, id=20220, stack(0x0000000016b20000,0x0000000016c20000)]
  0x00000000156aa800 JavaThread "Finalizer" daemon [_thread_blocked, id=9356, stack(0x0000000016930000,0x0000000016a30000)]
  0x0000000002fdf800 JavaThread "Reference Handler" daemon [_thread_blocked, id=6040, stack(0x0000000016830000,0x0000000016930000)]
  0x0000000002eee000 JavaThread "main" [_thread_in_Java, id=16320, stack(0x0000000002d10000,0x0000000002e10000)]

Other Threads:
  0x0000000015688800 VMThread [stack: 0x0000000016730000,0x0000000016830000] [id=22488]
  0x0000000016f32000 WatcherThread [stack: 0x0000000017520000,0x0000000017620000] [id=3280]

VM state:not at safepoint (normal execution)

VM Mutex/Monitor currently owned by a thread: None

Heap:
 PSYoungGen      total 37888K, used 14454K [0x00000000eab00000, 0x00000000ed500000, 0x0000000100000000)
  eden space 32768K, 28% used [0x00000000eab00000,0x00000000eb41e610,0x00000000ecb00000)
  from space 5120K, 99% used [0x00000000ecb00000,0x00000000ecfff4a0,0x00000000ed000000)
  to   space 5120K, 0% used [0x00000000ed000000,0x00000000ed000000,0x00000000ed500000)
 ParOldGen       total 86016K, used 10562K [0x00000000c0000000, 0x00000000c5400000, 0x00000000eab00000)
  object space 86016K, 12% used [0x00000000c0000000,0x00000000c0a50bd0,0x00000000c5400000)
 Metaspace       used 6280K, capacity 7154K, committed 7296K, reserved 1056768K
  class space    used 603K, capacity 618K, committed 640K, reserved 1048576K

Card table byte_map: [0x00000000123b0000,0x00000000125c0000] byte_map_base: 0x0000000011db0000

Marking Bits: (ParMarkBitMap*) 0x000000006c8f0600
 Begin Bits: [0x0000000012b20000, 0x0000000013b20000)
 End Bits:   [0x0000000013b20000, 0x0000000014b20000)

Polling page: 0x0000000001140000

CodeCache: size=245760Kb used=7814Kb max_used=7814Kb free=237945Kb
 bounds [0x0000000002ff0000, 0x00000000037a0000, 0x0000000011ff0000]
 total_blobs=1986 nmethods=1717 adapters=182
 compilation: enabled

Compilation events (10 events):
Event: 23.118 Thread 0x000000001571c800 1749       2       com.android.dx.rop.annotation.Annotations::addAll (59 bytes)
Event: 23.120 Thread 0x000000001571c800 nmethod 1749 0x0000000003795450 code [0x0000000003795620, 0x0000000003795ad8]
Event: 23.123 Thread 0x000000001571c800 1750       2       com.android.dx.ssa.SsaInsn::setResult (20 bytes)
Event: 23.124 Thread 0x000000001571c800 nmethod 1750 0x0000000003795e10 code [0x0000000003795f80, 0x0000000003796188]
Event: 23.124 Thread 0x000000001571c800 1751       2       com.android.dx.dex.code.TargetInsn::<init> (29 bytes)
Event: 23.124 Thread 0x000000001571c800 nmethod 1751 0x0000000003796250 code [0x00000000037963c0, 0x0000000003796618]
Event: 23.127 Thread 0x000000001571c800 1752       2       com.android.dx.cf.direct.DirectClassFile::getFields (9 bytes)
Event: 23.127 Thread 0x000000001571c800 nmethod 1752 0x0000000003796750 code [0x00000000037968c0, 0x0000000003796a48]
Event: 23.137 Thread 0x000000001571c800 1753       1       com.android.dx.dex.file.OffsettedItem::getAlignment (5 bytes)
Event: 23.137 Thread 0x000000001571c800 nmethod 1753 0x0000000003796b10 code [0x0000000003796c60, 0x0000000003796d70]

GC Heap History (6 events):
Event: 12.340 GC heap before
{Heap before GC invocations=1 (full 0):
 PSYoungGen      total 37888K, used 32768K [0x00000000eab00000, 0x00000000ed500000, 0x0000000100000000)
  eden space 32768K, 100% used [0x00000000eab00000,0x00000000ecb00000,0x00000000ecb00000)
  from space 5120K, 0% used [0x00000000ed000000,0x00000000ed000000,0x00000000ed500000)
  to   space 5120K, 0% used [0x00000000ecb00000,0x00000000ecb00000,0x00000000ed000000)
 ParOldGen       total 86016K, used 0K [0x00000000c0000000, 0x00000000c5400000, 0x00000000eab00000)
  object space 86016K, 0% used [0x00000000c0000000,0x00000000c0000000,0x00000000c5400000)
 Metaspace       used 6046K, capacity 6960K, committed 7040K, reserved 1056768K
  class space    used 600K, capacity 616K, committed 640K, reserved 1048576K
Event: 13.031 GC heap after
Heap after GC invocations=1 (full 0):
 PSYoungGen      total 37888K, used 5093K [0x00000000eab00000, 0x00000000ed500000, 0x0000000100000000)
  eden space 32768K, 0% used [0x00000000eab00000,0x00000000eab00000,0x00000000ecb00000)
  from space 5120K, 99% used [0x00000000ecb00000,0x00000000ecff9660,0x00000000ed000000)
  to   space 5120K, 0% used [0x00000000ed000000,0x00000000ed000000,0x00000000ed500000)
 ParOldGen       total 86016K, used 1340K [0x00000000c0000000, 0x00000000c5400000, 0x00000000eab00000)
  object space 86016K, 1% used [0x00000000c0000000,0x00000000c014f350,0x00000000c5400000)
 Metaspace       used 6046K, capacity 6960K, committed 7040K, reserved 1056768K
  class space    used 600K, capacity 616K, committed 640K, reserved 1048576K
}
Event: 19.184 GC heap before
{Heap before GC invocations=2 (full 0):
 PSYoungGen      total 37888K, used 37861K [0x00000000eab00000, 0x00000000ed500000, 0x0000000100000000)
  eden space 32768K, 100% used [0x00000000eab00000,0x00000000ecb00000,0x00000000ecb00000)
  from space 5120K, 99% used [0x00000000ecb00000,0x00000000ecff9660,0x00000000ed000000)
  to   space 5120K, 0% used [0x00000000ed000000,0x00000000ed000000,0x00000000ed500000)
 ParOldGen       total 86016K, used 1340K [0x00000000c0000000, 0x00000000c5400000, 0x00000000eab00000)
  object space 86016K, 1% used [0x00000000c0000000,0x00000000c014f350,0x00000000c5400000)
 Metaspace       used 6216K, capacity 7090K, committed 7296K, reserved 1056768K
  class space    used 603K, capacity 618K, committed 640K, reserved 1048576K
Event: 19.316 GC heap after
Heap after GC invocations=2 (full 0):
 PSYoungGen      total 37888K, used 5091K [0x00000000eab00000, 0x00000000ed500000, 0x0000000100000000)
  eden space 32768K, 0% used [0x00000000eab00000,0x00000000eab00000,0x00000000ecb00000)
  from space 5120K, 99% used [0x00000000ed000000,0x00000000ed4f8ea0,0x00000000ed500000)
  to   space 5120K, 0% used [0x00000000ecb00000,0x00000000ecb00000,0x00000000ed000000)
 ParOldGen       total 86016K, used 5889K [0x00000000c0000000, 0x00000000c5400000, 0x00000000eab00000)
  object space 86016K, 6% used [0x00000000c0000000,0x00000000c05c05d0,0x00000000c5400000)
 Metaspace       used 6216K, capacity 7090K, committed 7296K, reserved 1056768K
  class space    used 603K, capacity 618K, committed 640K, reserved 1048576K
}
Event: 22.735 GC heap before
{Heap before GC invocations=3 (full 0):
 PSYoungGen      total 37888K, used 37859K [0x00000000eab00000, 0x00000000ed500000, 0x0000000100000000)
  eden space 32768K, 100% used [0x00000000eab00000,0x00000000ecb00000,0x00000000ecb00000)
  from space 5120K, 99% used [0x00000000ed000000,0x00000000ed4f8ea0,0x00000000ed500000)
  to   space 5120K, 0% used [0x00000000ecb00000,0x00000000ecb00000,0x00000000ed000000)
 ParOldGen       total 86016K, used 5889K [0x00000000c0000000, 0x00000000c5400000, 0x00000000eab00000)
  object space 86016K, 6% used [0x00000000c0000000,0x00000000c05c05d0,0x00000000c5400000)
 Metaspace       used 6273K, capacity 7154K, committed 7296K, reserved 1056768K
  class space    used 603K, capacity 618K, committed 640K, reserved 1048576K
Event: 23.024 GC heap after
Heap after GC invocations=3 (full 0):
 PSYoungGen      total 37888K, used 5117K [0x00000000eab00000, 0x00000000ed500000, 0x0000000100000000)
  eden space 32768K, 0% used [0x00000000eab00000,0x00000000eab00000,0x00000000ecb00000)
  from space 5120K, 99% used [0x00000000ecb00000,0x00000000ecfff4a0,0x00000000ed000000)
  to   space 5120K, 0% used [0x00000000ed000000,0x00000000ed000000,0x00000000ed500000)
 ParOldGen       total 86016K, used 10562K [0x00000000c0000000, 0x00000000c5400000, 0x00000000eab00000)
  object space 86016K, 12% used [0x00000000c0000000,0x00000000c0a50bd0,0x00000000c5400000)
 Metaspace       used 6273K, capacity 7154K, committed 7296K, reserved 1056768K
  class space    used 603K, capacity 618K, committed 640K, reserved 1048576K
}

Deoptimization events (10 events):
Event: 18.776 Thread 0x0000000002eee000 Uncommon trap: reason=bimorphic action=maybe_recompile pc=0x000000000362b504 method=com.android.dx.cf.code.BytecodeArray.parseInstruction(ILcom/android/dx/cf/code/BytecodeArray$Visitor;)I @ 955
Event: 19.164 Thread 0x00000000171aa000 Uncommon trap: reason=unstable_if action=reinterpret pc=0x00000000036cca88 method=com.android.dx.cf.code.RopperMachine.run(Lcom/android/dx/cf/code/Frame;II)V @ 1500
Event: 19.178 Thread 0x00000000171ab800 Uncommon trap: reason=bimorphic action=maybe_recompile pc=0x000000000357b85c method=com.android.dx.ssa.LiteralOpUpgrader.tryReplacingWithConstant(Lcom/android/dx/ssa/NormalSsaInsn;)Z @ 52
Event: 19.385 Thread 0x00000000171a9000 Uncommon trap: reason=null_check action=make_not_entrant pc=0x00000000032fecf0 method=com.android.dx.ssa.SsaRenamer.getLocalForNewReg(I)Lcom/android/dx/rop/code/LocalItem; @ 19
Event: 20.739 Thread 0x00000000171aa000 Uncommon trap: reason=bimorphic action=maybe_recompile pc=0x000000000373c558 method=com.android.dx.cf.code.BytecodeArray.parseInstruction(ILcom/android/dx/cf/code/BytecodeArray$Visitor;)I @ 971
Event: 20.739 Thread 0x00000000171aa000 Uncommon trap: reason=bimorphic action=maybe_recompile pc=0x000000000373bbf4 method=com.android.dx.cf.code.BytecodeArray.parseInstruction(ILcom/android/dx/cf/code/BytecodeArray$Visitor;)I @ 1597
Event: 20.739 Thread 0x00000000171aa000 Uncommon trap: reason=bimorphic action=maybe_recompile pc=0x000000000373c558 method=com.android.dx.cf.code.BytecodeArray.parseInstruction(ILcom/android/dx/cf/code/BytecodeArray$Visitor;)I @ 971
Event: 20.944 Thread 0x0000000002eee000 Uncommon trap: reason=null_check action=make_not_entrant pc=0x0000000003306e34 method=com.android.dx.ssa.SsaRenamer.getLocalForNewReg(I)Lcom/android/dx/rop/code/LocalItem; @ 19
Event: 23.149 Thread 0x00000000171a9000 Uncommon trap: reason=bimorphic action=maybe_recompile pc=0x000000000357b85c method=com.android.dx.ssa.LiteralOpUpgrader.tryReplacingWithConstant(Lcom/android/dx/ssa/NormalSsaInsn;)Z @ 52
Event: 23.152 Thread 0x00000000171a9000 Uncommon trap: reason=bimorphic action=maybe_recompile pc=0x000000000357b85c method=com.android.dx.ssa.LiteralOpUpgrader.tryReplacingWithConstant(Lcom/android/dx/ssa/NormalSsaInsn;)Z @ 52

Internal exceptions (5 events):
Event: 0.284 Thread 0x0000000002eee000 Exception <a 'java/lang/NoSuchMethodError': Method sun.misc.Unsafe.defineClass(Ljava/lang/String;[BII)Ljava/lang/Class; name or signature does not match> (0x00000000eab07cc0) thrown at [C:\re\workspace\8-2-build-windows-amd64-cygwin\jdk8u74\6087\hotspot\srmnΩ6ò/“?
Event: 0.284 Thread 0x0000000002eee000 Exception <a 'java/lang/NoSuchMethodError': Method sun.misc.Unsafe.prefetchRead(Ljava/lang/Object;J)V name or signature does not match> (0x00000000eab07fa8) thrown at [C:\re\workspace\8-2-build-windows-amd64-cygwin\jdk8u74\6087\hotspot\src\share\vm\prims\j¿` †∆'@
Event: 11.888 Thread 0x00000000171e4800 Implicit null exception at 0x0000000003477ea2 to 0x0000000003477f9a
Event: 19.384 Thread 0x00000000171a9000 Implicit null exception at 0x00000000032fcdbd to 0x00000000032fecad
Event: 20.944 Thread 0x0000000002eee000 Implicit null exception at 0x0000000003304df0 to 0x0000000003306e0d

Events (10 events):
Event: 20.944 Thread 0x0000000002eee000 DEOPT PACKING pc=0x0000000003306e34 sp=0x0000000002e0deb0
Event: 20.944 Thread 0x0000000002eee000 DEOPT UNPACKING pc=0x000000000303582a sp=0x0000000002e0dd58 mode 2
Event: 22.357 Executing VM operation: ParallelGCFailedAllocation
Event: 23.025 Executing VM operation: ParallelGCFailedAllocation done
Event: 23.149 Thread 0x00000000171a9000 Uncommon trap: trap_request=0xffffffc6 fr.pc=0x000000000357b85c
Event: 23.150 Thread 0x00000000171a9000 DEOPT PACKING pc=0x000000000357b85c sp=0x000000001791e610
Event: 23.150 Thread 0x00000000171a9000 DEOPT UNPACKING pc=0x000000000303582a sp=0x000000001791e4f8 mode 2
Event: 23.152 Thread 0x00000000171a9000 Uncommon trap: trap_request=0xffffffc6 fr.pc=0x000000000357b85c
Event: 23.152 Thread 0x00000000171a9000 DEOPT PACKING pc=0x000000000357b85c sp=0x000000001791e610
Event: 23.152 Thread 0x00000000171a9000 DEOPT UNPACKING pc=0x000000000303582a sp=0x000000001791e4f8 mode 2


Dynamic libraries:
0x00007ff7e7190000 - 0x00007ff7e71c7000 	C:\Program Files\Java\jdk1.8.0_74\bin\java.exe
0x00007ffbf5fa0000 - 0x00007ffbf6171000 	C:\WINDOWS\SYSTEM32\ntdll.dll
0x00007ffbf5d90000 - 0x00007ffbf5e3b000 	C:\WINDOWS\System32\KERNEL32.DLL
0x00007ffbf2990000 - 0x00007ffbf2bad000 	C:\WINDOWS\System32\KERNELBASE.dll
0x00007ffbf58f0000 - 0x00007ffbf5992000 	C:\WINDOWS\System32\ADVAPI32.dll
0x00007ffbf5ea0000 - 0x00007ffbf5f3e000 	C:\WINDOWS\System32\msvcrt.dll
0x00007ffbf3530000 - 0x00007ffbf3589000 	C:\WINDOWS\System32\sechost.dll
0x00007ffbf5b00000 - 0x00007ffbf5c21000 	C:\WINDOWS\System32\RPCRT4.dll
0x00007ffbf3590000 - 0x00007ffbf36f5000 	C:\WINDOWS\System32\USER32.dll
0x00007ffbf3510000 - 0x00007ffbf352e000 	C:\WINDOWS\System32\win32u.dll
0x00007ffbf52c0000 - 0x00007ffbf52f4000 	C:\WINDOWS\System32\GDI32.dll
0x00007ffbf2800000 - 0x00007ffbf2982000 	C:\WINDOWS\System32\gdi32full.dll
0x00007ffbecca0000 - 0x00007ffbecf1a000 	C:\WINDOWS\WinSxS\amd64_microsoft.windows.common-controls_6595b64144ccf1df_6.0.14393.953_none_42151e83c686086b\COMCTL32.dll
0x00007ffbf5620000 - 0x00007ffbf58e8000 	C:\WINDOWS\System32\combase.dll
0x00007ffbf2700000 - 0x00007ffbf27f5000 	C:\WINDOWS\System32\ucrtbase.dll
0x00007ffbf2530000 - 0x00007ffbf259a000 	C:\WINDOWS\System32\bcryptPrimitives.dll
0x00007ffbf4de0000 - 0x00007ffbf4e0e000 	C:\WINDOWS\System32\IMM32.DLL
0x000000006eb70000 - 0x000000006ec42000 	C:\Program Files\Java\jdk1.8.0_74\jre\bin\msvcr100.dll
0x000000006c0e0000 - 0x000000006c970000 	C:\Program Files\Java\jdk1.8.0_74\jre\bin\server\jvm.dll
0x00007ffbf5470000 - 0x00007ffbf5478000 	C:\WINDOWS\System32\PSAPI.DLL
0x00007ffbef9e0000 - 0x00007ffbef9e9000 	C:\WINDOWS\SYSTEM32\WSOCK32.dll
0x00007ffbf4d70000 - 0x00007ffbf4dda000 	C:\WINDOWS\System32\WS2_32.dll
0x00007ffbf02d0000 - 0x00007ffbf02f3000 	C:\WINDOWS\SYSTEM32\WINMM.dll
0x00007ffbef040000 - 0x00007ffbef04a000 	C:\WINDOWS\SYSTEM32\VERSION.dll
0x00007ffbf0270000 - 0x00007ffbf029b000 	C:\WINDOWS\SYSTEM32\WINMMBASE.dll
0x00007ffbf34c0000 - 0x00007ffbf3502000 	C:\WINDOWS\System32\cfgmgr32.dll
0x000000006eb60000 - 0x000000006eb6f000 	C:\Program Files\Java\jdk1.8.0_74\jre\bin\verify.dll
0x000000006eb30000 - 0x000000006eb59000 	C:\Program Files\Java\jdk1.8.0_74\jre\bin\java.dll
0x000000006eb10000 - 0x000000006eb26000 	C:\Program Files\Java\jdk1.8.0_74\jre\bin\zip.dll
0x00007ffbf3700000 - 0x00007ffbf4c09000 	C:\WINDOWS\System32\SHELL32.dll
0x00007ffbf2bb0000 - 0x00007ffbf328a000 	C:\WINDOWS\System32\windows.storage.dll
0x00007ffbf2420000 - 0x00007ffbf246c000 	C:\WINDOWS\System32\powrprof.dll
0x00007ffbf5e40000 - 0x00007ffbf5e92000 	C:\WINDOWS\System32\shlwapi.dll
0x00007ffbf2400000 - 0x00007ffbf240f000 	C:\WINDOWS\System32\kernel.appcore.dll
0x00007ffbf2650000 - 0x00007ffbf26f9000 	C:\WINDOWS\System32\shcore.dll
0x00007ffbf2470000 - 0x00007ffbf2484000 	C:\WINDOWS\System32\profapi.dll

VM Arguments:
jvm_args: -Djava.awt.headless=true -Xmx1024M -Dfile.encoding=windows-1252 -Duser.country=IN -Duser.language=en -Duser.variant 
java_command: com.android.dx.command.Main --dex --force-jumbo --num-threads=4 --multi-dex --output E:\appathon\AndroidLoginAndRegistration v2\AndroidLoginAndRegistration\app\build\intermediates\transforms\dex\debug\folders\1000\10\classes_3d8e234e1c1088e91b847ec4df4afcd64cf6ff10 C:\Users\subha\.android\build-cache\0d9c212373177295b5cda475f40e365191d45a1c\output\jars\classes.jar
java_class_path (initial): C:\Users\subha\AppData\Local\Android\sdk\build-tools\25.0.0\lib\dx.jar
Launcher Type: SUN_STANDARD

Environment Variables:
JAVA_HOME=C:\Program Files\Java\jdk1.8.0_74\
PATH=C:\Program Files (x86)\Intel\iCLS Client\;C:\Program Files\Intel\iCLS Client\;C:\Windows\system32;C:\Windows;C:\Windows\System32\Wbem;C:\Windows\System32\WindowsPowerShell\v1.0\;C:\Program Files (x86)\Intel\Intel(R) Management Engine Components\DAL;C:\Program Files\Intel\Intel(R) Management Engine Components\DAL;C:\Program Files (x86)\Intel\Intel(R) Management Engine Components\IPT;C:\Program Files\Intel\Intel(R) Management Engine Components\IPT;C:\Program Files (x86)\NVIDIA Corporation\PhysX\Common;C:\Program Files (x86)\GtkSharp\2.12\bin;C:\WINDOWS\system32;C:\WINDOWS;C:\WINDOWS\System32\Wbem;C:\WINDOWS\System32\WindowsPowerShell\v1.0\;C:\Program Files (x86)\Common Files\lenovo\easyplussdk\bin;C:\Program Files\Git\cmd;C:\Program Files\Git\mingw64\bin;C:\Program Files\Git\usr\bin;C:\Program Files\Java\jdk1.8.0_74
USERNAME=subha
OS=Windows_NT
PROCESSOR_IDENTIFIER=Intel64 Family 6 Model 78 Stepping 3, GenuineIntel



---------------  S Y S T E M  ---------------

OS: Windows 10.0 , 64 bit Build 14393 (10.0.14393.0)

CPU:total 4 (2 cores per cpu, 2 threads per core) family 6 model 78 stepping 3, cmov, cx8, fxsr, mmx, sse, sse2, sse3, ssse3, sse4.1, sse4.2, popcnt, avx, avx2, aes, clmul, erms, 3dnowpref, lzcnt, ht, tsc, tscinvbit, bmi1, bmi2, adx

Memory: 4k page, physical 8223592k(676828k free), swap 18072296k(4468k free)

vm_info: Java HotSpot(TM) 64-Bit Server VM (25.74-b02) for windows-amd64 JRE (1.8.0_74-b02), built on Jan 29 2016 17:42:36 by "java_re" with MS VC++ 10.0 (VS2010)

time: Sun Apr 16 05:47:45 2017
elapsed time: 23 seconds (0d 0h 0m 23s)

