#
# There is insufficient memory for the Java Runtime Environment to continue.
# Native memory allocation (malloc) failed to allocate 1437616 bytes for Chunk::new
# Possible reasons:
#   The system is out of physical RAM or swap space
#   In 32 bit mode, the process size limit was hit
# Possible solutions:
#   Reduce memory load on the system
#   Increase physical memory or swap space
#   Check if swap backing store is full
#   Use 64 bit Java on a 64 bit OS
#   Decrease Java heap size (-Xmx/-Xms)
#   Decrease number of Java threads
#   Decrease Java thread stack sizes (-Xss)
#   Set larger code cache with -XX:ReservedCodeCacheSize=
# This output file may be truncated or incomplete.
#
#  Out of Memory Error (allocation.cpp:390), pid=3896, tid=13368
#
# JRE version: Java(TM) SE Runtime Environment (8.0_74-b02) (build 1.8.0_74-b02)
# Java VM: Java HotSpot(TM) 64-Bit Server VM (25.74-b02 mixed mode windows-amd64 compressed oops)
# Failed to write core dump. Minidumps are not enabled by default on client versions of Windows
#

---------------  T H R E A D  ---------------

Current thread (0x000000001571e800):  JavaThread "C2 CompilerThread0" daemon [_thread_in_native, id=13368, stack(0x0000000016d70000,0x0000000016e70000)]

Stack: [0x0000000016d70000,0x0000000016e70000]
[error occurred during error reporting (printing stack bounds), id 0xc0000005]

Native frames: (J=compiled Java code, j=interpreted, Vv=VM code, C=native code)


Current CompileTask:
C2:   4364 1279   !   4       com.android.dx.cf.cst.ConstantPoolParser::parse0 (731 bytes)


---------------  P R O C E S S  ---------------

Java Threads: ( => current thread )
  0x00000000171ed800 JavaThread "pool-2-thread-4" [_thread_in_Java, id=11664, stack(0x0000000017a70000,0x0000000017b70000)]
  0x00000000171ec800 JavaThread "pool-2-thread-3" [_thread_in_Java, id=18528, stack(0x0000000017970000,0x0000000017a70000)]
  0x00000000171eb000 JavaThread "pool-2-thread-2" [_thread_in_Java, id=17028, stack(0x0000000017870000,0x0000000017970000)]
  0x00000000171e6800 JavaThread "pool-3-thread-1" [_thread_blocked, id=7072, stack(0x0000000017770000,0x0000000017870000)]
  0x00000000171da000 JavaThread "pool-2-thread-1" [_thread_in_Java, id=17004, stack(0x0000000017670000,0x0000000017770000)]
  0x0000000016f7e800 JavaThread "Service Thread" daemon [_thread_blocked, id=18784, stack(0x0000000017470000,0x0000000017570000)]
  0x0000000016f78800 JavaThread "C1 CompilerThread2" daemon [_thread_in_native, id=19776, stack(0x0000000017370000,0x0000000017470000)]
  0x0000000015721800 JavaThread "C2 CompilerThread1" daemon [_thread_in_native, id=9128, stack(0x0000000016e70000,0x0000000016f70000)]
=>0x000000001571e800 JavaThread "C2 CompilerThread0" daemon [_thread_in_native, id=13368, stack(0x0000000016d70000,0x0000000016e70000)]
  0x000000001571c800 JavaThread "Attach Listener" daemon [_thread_blocked, id=18056, stack(0x0000000016c70000,0x0000000016d70000)]
  0x000000001571b000 JavaThread "Signal Dispatcher" daemon [_thread_blocked, id=15424, stack(0x0000000016b70000,0x0000000016c70000)]
  0x000000001570a800 JavaThread "Finalizer" daemon [_thread_blocked, id=8032, stack(0x0000000016980000,0x0000000016a80000)]
  0x00000000156e9000 JavaThread "Reference Handler" daemon [_thread_blocked, id=1860, stack(0x0000000016880000,0x0000000016980000)]
  0x0000000002dae000 JavaThread "main" [_thread_in_Java, id=16016, stack(0x0000000002e50000,0x0000000002f50000)]

Other Threads:
  0x00000000156e7800 VMThread [stack: 0x0000000016780000,0x0000000016880000] [id=13068]
  0x0000000016f83800 WatcherThread [stack: 0x0000000017570000,0x0000000017670000] [id=20316]

VM state:not at safepoint (normal execution)

VM Mutex/Monitor currently owned by a thread:  ([mutex/lock_event])
[0x0000000002dabe60] CodeCache_lock - owner thread: 0x0000000000000000

Heap:
 PSYoungGen      total 37888K, used 15472K [0x00000000eab00000, 0x00000000ed500000, 0x0000000100000000)
  eden space 32768K, 31% used [0x00000000eab00000,0x00000000eb523158,0x00000000ecb00000)
  from space 5120K, 99% used [0x00000000ecb00000,0x00000000ecff9210,0x00000000ed000000)
  to   space 5120K, 0% used [0x00000000ed000000,0x00000000ed000000,0x00000000ed500000)
 ParOldGen       total 86016K, used 557K [0x00000000c0000000, 0x00000000c5400000, 0x00000000eab00000)
  object space 86016K, 0% used [0x00000000c0000000,0x00000000c008b480,0x00000000c5400000)
 Metaspace       used 6070K, capacity 6962K, committed 7040K, reserved 1056768K
  class space    used 602K, capacity 618K, committed 640K, reserved 1048576K

Card table byte_map: [0x0000000012410000,0x0000000012620000] byte_map_base: 0x0000000011e10000

Marking Bits: (ParMarkBitMap*) 0x000000006c8f0600
 Begin Bits: [0x0000000012b80000, 0x0000000013b80000)
 End Bits:   [0x0000000013b80000, 0x0000000014b80000)

Polling page: 0x0000000000df0000

CodeCache: size=245760Kb used=5209Kb max_used=5209Kb free=240550Kb
 bounds [0x0000000003050000, 0x0000000003570000, 0x0000000012050000]
 total_blobs=1568 nmethods=1299 adapters=182
 compilation: enabled

Compilation events (10 events):
Event: 4.223 Thread 0x0000000016f78800 1295       3       com.android.dx.rop.code.Insn::contentEquals (84 bytes)
Event: 4.225 Thread 0x0000000016f78800 nmethod 1295 0x00000000035591d0 code [0x00000000035593c0, 0x0000000003559ff8]
Event: 4.225 Thread 0x0000000016f78800 1296       3       com.android.dx.rop.code.Insn::equalsHandleNulls (23 bytes)
Event: 4.225 Thread 0x0000000016f78800 nmethod 1296 0x000000000355a250 code [0x000000000355a3c0, 0x000000000355a688]
Event: 4.226 Thread 0x0000000016f78800 1297       3       com.android.dx.ssa.ConstCollector::getConstsSortedByCountUse (386 bytes)
Event: 4.236 Thread 0x0000000016f78800 nmethod 1297 0x000000000355a750 code [0x000000000355ad40, 0x000000000355f288]
Event: 4.236 Thread 0x0000000016f78800 1298       3       com.android.dx.cf.direct.DirectClassFile::getSourceFile (31 bytes)
Event: 4.237 Thread 0x0000000016f78800 nmethod 1298 0x0000000003561c90 code [0x0000000003561e40, 0x00000000035623f8]
Event: 4.237 Thread 0x0000000016f78800 1299       3       com.android.dx.rop.code.RegisterSpecList::make (17 bytes)
Event: 4.238 Thread 0x0000000016f78800 nmethod 1299 0x0000000003562590 code [0x0000000003562760, 0x0000000003563028]

GC Heap History (2 events):
Event: 3.846 GC heap before
{Heap before GC invocations=1 (full 0):
 PSYoungGen      total 37888K, used 32768K [0x00000000eab00000, 0x00000000ed500000, 0x0000000100000000)
  eden space 32768K, 100% used [0x00000000eab00000,0x00000000ecb00000,0x00000000ecb00000)
  from space 5120K, 0% used [0x00000000ed000000,0x00000000ed000000,0x00000000ed500000)
  to   space 5120K, 0% used [0x00000000ecb00000,0x00000000ecb00000,0x00000000ed000000)
 ParOldGen       total 86016K, used 292K [0x00000000c0000000, 0x00000000c5400000, 0x00000000eab00000)
  object space 86016K, 0% used [0x00000000c0000000,0x00000000c00491a0,0x00000000c5400000)
 Metaspace       used 5971K, capacity 6896K, committed 7040K, reserved 1056768K
  class space    used 600K, capacity 616K, committed 640K, reserved 1048576K
Event: 3.863 GC heap after
Heap after GC invocations=1 (full 0):
 PSYoungGen      total 37888K, used 5092K [0x00000000eab00000, 0x00000000ed500000, 0x0000000100000000)
  eden space 32768K, 0% used [0x00000000eab00000,0x00000000eab00000,0x00000000ecb00000)
  from space 5120K, 99% used [0x00000000ecb00000,0x00000000ecff9210,0x00000000ed000000)
  to   space 5120K, 0% used [0x00000000ed000000,0x00000000ed000000,0x00000000ed500000)
 ParOldGen       total 86016K, used 557K [0x00000000c0000000, 0x00000000c5400000, 0x00000000eab00000)
  object space 86016K, 0% used [0x00000000c0000000,0x00000000c008b480,0x00000000c5400000)
 Metaspace       used 5971K, capacity 6896K, committed 7040K, reserved 1056768K
  class space    used 600K, capacity 616K, committed 640K, reserved 1048576K
}

Deoptimization events (9 events):
Event: 3.196 Thread 0x00000000171da000 Uncommon trap: reason=unstable_if action=reinterpret pc=0x000000000326e980 method=java.util.HashMap.getNode(ILjava/lang/Object;)Ljava/util/HashMap$Node; @ 62
Event: 3.753 Thread 0x00000000171ec800 Uncommon trap: reason=unstable_if action=reinterpret pc=0x0000000003283f70 method=java.util.BitSet.nextSetBit(I)I @ 87
Event: 3.794 Thread 0x00000000171ed800 Uncommon trap: reason=class_check action=maybe_recompile pc=0x0000000003457ee8 method=com.android.dx.rop.type.Type.equals(Ljava/lang/Object;)Z @ 8
Event: 3.797 Thread 0x00000000171ed800 Uncommon trap: reason=null_check action=make_not_entrant pc=0x0000000003457ef8 method=com.android.dx.rop.type.Type.equals(Ljava/lang/Object;)Z @ 8
Event: 4.142 Thread 0x00000000171eb000 Uncommon trap: reason=unstable_if action=reinterpret pc=0x0000000003521178 method=com.android.dx.cf.code.Ropper.labelToResultIndex(I)I @ 34
Event: 4.142 Thread 0x00000000171eb000 Uncommon trap: reason=class_check action=maybe_recompile pc=0x000000000337aee8 method=com.android.dx.rop.type.Type.equals(Ljava/lang/Object;)Z @ 8
Event: 4.143 Thread 0x00000000171eb000 Uncommon trap: reason=class_check action=maybe_recompile pc=0x000000000337aee8 method=com.android.dx.rop.type.Type.equals(Ljava/lang/Object;)Z @ 8
Event: 4.143 Thread 0x00000000171eb000 Uncommon trap: reason=class_check action=maybe_recompile pc=0x000000000337aee8 method=com.android.dx.rop.type.Type.equals(Ljava/lang/Object;)Z @ 8
Event: 4.214 Thread 0x00000000171eb000 Uncommon trap: reason=class_check action=maybe_recompile pc=0x00000000033fd350 method=com.android.dx.rop.type.Type.equals(Ljava/lang/Object;)Z @ 8

Internal exceptions (3 events):
Event: 0.120 Thread 0x0000000002dae000 Exception <a 'java/lang/NoSuchMethodError': Method sun.misc.Unsafe.defineClass(Ljava/lang/String;[BII)Ljava/lang/Class; name or signature does not match> (0x00000000eab07cc0) thrown at [C:\re\workspace\8-2-build-windows-amd64-cygwin\jdk8u74\6087\hotspot\srVÚZ
Event: 0.120 Thread 0x0000000002dae000 Exception <a 'java/lang/NoSuchMethodError': Method sun.misc.Unsafe.prefetchRead(Ljava/lang/Object;J)V name or signature does not match> (0x00000000eab07fa8) thrown at [C:\re\workspace\8-2-build-windows-amd64-cygwin\jdk8u74\6087\hotspot\src\share\vm\prims\jcT<é-_@
Event: 3.796 Thread 0x00000000171ed800 Implicit null exception at 0x0000000003457de2 to 0x0000000003457ee9

Events (10 events):
Event: 4.143 Thread 0x00000000171eb000 DEOPT UNPACKING pc=0x000000000309582a sp=0x000000001796e898 mode 2
Event: 4.143 Thread 0x00000000171eb000 Uncommon trap: trap_request=0xffffffde fr.pc=0x000000000337aee8
Event: 4.143 Thread 0x00000000171eb000 DEOPT PACKING pc=0x000000000337aee8 sp=0x000000001796e960
Event: 4.143 Thread 0x00000000171eb000 DEOPT UNPACKING pc=0x000000000309582a sp=0x000000001796e898 mode 2
Event: 4.143 Thread 0x00000000171eb000 Uncommon trap: trap_request=0xffffffde fr.pc=0x000000000337aee8
Event: 4.143 Thread 0x00000000171eb000 DEOPT PACKING pc=0x000000000337aee8 sp=0x000000001796e960
Event: 4.143 Thread 0x00000000171eb000 DEOPT UNPACKING pc=0x000000000309582a sp=0x000000001796e898 mode 2
Event: 4.214 Thread 0x00000000171eb000 Uncommon trap: trap_request=0xffffffde fr.pc=0x00000000033fd350
Event: 4.214 Thread 0x00000000171eb000 DEOPT PACKING pc=0x00000000033fd350 sp=0x000000001796ddb0
Event: 4.214 Thread 0x00000000171eb000 DEOPT UNPACKING pc=0x000000000309582a sp=0x000000001796dc10 mode 2


Dynamic libraries:
0x00007ff7e7190000 - 0x00007ff7e71c7000 	C:\Program Files\Java\jdk1.8.0_74\bin\java.exe
0x00007ffbf5fa0000 - 0x00007ffbf6171000 	C:\WINDOWS\SYSTEM32\ntdll.dll
0x00007ffbf5d90000 - 0x00007ffbf5e3b000 	C:\WINDOWS\System32\KERNEL32.DLL
0x00007ffbf2990000 - 0x00007ffbf2bad000 	C:\WINDOWS\System32\KERNELBASE.dll
0x00007ffbf58f0000 - 0x00007ffbf5992000 	C:\WINDOWS\System32\ADVAPI32.dll
0x00007ffbf5ea0000 - 0x00007ffbf5f3e000 	C:\WINDOWS\System32\msvcrt.dll
0x00007ffbf3530000 - 0x00007ffbf3589000 	C:\WINDOWS\System32\sechost.dll
0x00007ffbf5b00000 - 0x00007ffbf5c21000 	C:\WINDOWS\System32\RPCRT4.dll
0x00007ffbf3590000 - 0x00007ffbf36f5000 	C:\WINDOWS\System32\USER32.dll
0x00007ffbf3510000 - 0x00007ffbf352e000 	C:\WINDOWS\System32\win32u.dll
0x00007ffbf52c0000 - 0x00007ffbf52f4000 	C:\WINDOWS\System32\GDI32.dll
0x00007ffbf2800000 - 0x00007ffbf2982000 	C:\WINDOWS\System32\gdi32full.dll
0x00007ffbecca0000 - 0x00007ffbecf1a000 	C:\WINDOWS\WinSxS\amd64_microsoft.windows.common-controls_6595b64144ccf1df_6.0.14393.953_none_42151e83c686086b\COMCTL32.dll
0x00007ffbf5620000 - 0x00007ffbf58e8000 	C:\WINDOWS\System32\combase.dll
0x00007ffbf2700000 - 0x00007ffbf27f5000 	C:\WINDOWS\System32\ucrtbase.dll
0x00007ffbf2530000 - 0x00007ffbf259a000 	C:\WINDOWS\System32\bcryptPrimitives.dll
0x00007ffbf4de0000 - 0x00007ffbf4e0e000 	C:\WINDOWS\System32\IMM32.DLL
0x000000006eb70000 - 0x000000006ec42000 	C:\Program Files\Java\jdk1.8.0_74\jre\bin\msvcr100.dll
0x000000006c0e0000 - 0x000000006c970000 	C:\Program Files\Java\jdk1.8.0_74\jre\bin\server\jvm.dll
0x00007ffbf5470000 - 0x00007ffbf5478000 	C:\WINDOWS\System32\PSAPI.DLL
0x00007ffbef9e0000 - 0x00007ffbef9e9000 	C:\WINDOWS\SYSTEM32\WSOCK32.dll
0x00007ffbf4d70000 - 0x00007ffbf4dda000 	C:\WINDOWS\System32\WS2_32.dll
0x00007ffbf02d0000 - 0x00007ffbf02f3000 	C:\WINDOWS\SYSTEM32\WINMM.dll
0x00007ffbef040000 - 0x00007ffbef04a000 	C:\WINDOWS\SYSTEM32\VERSION.dll
0x00007ffbf0270000 - 0x00007ffbf029b000 	C:\WINDOWS\SYSTEM32\WINMMBASE.dll
0x00007ffbf34c0000 - 0x00007ffbf3502000 	C:\WINDOWS\System32\cfgmgr32.dll
0x000000006eb60000 - 0x000000006eb6f000 	C:\Program Files\Java\jdk1.8.0_74\jre\bin\verify.dll
0x000000006eb30000 - 0x000000006eb59000 	C:\Program Files\Java\jdk1.8.0_74\jre\bin\java.dll
0x000000006eb10000 - 0x000000006eb26000 	C:\Program Files\Java\jdk1.8.0_74\jre\bin\zip.dll
0x00007ffbf3700000 - 0x00007ffbf4c09000 	C:\WINDOWS\System32\SHELL32.dll
0x00007ffbf2bb0000 - 0x00007ffbf328a000 	C:\WINDOWS\System32\windows.storage.dll
0x00007ffbf2420000 - 0x00007ffbf246c000 	C:\WINDOWS\System32\powrprof.dll
0x00007ffbf5e40000 - 0x00007ffbf5e92000 	C:\WINDOWS\System32\shlwapi.dll
0x00007ffbf2400000 - 0x00007ffbf240f000 	C:\WINDOWS\System32\kernel.appcore.dll
0x00007ffbf2650000 - 0x00007ffbf26f9000 	C:\WINDOWS\System32\shcore.dll
0x00007ffbf2470000 - 0x00007ffbf2484000 	C:\WINDOWS\System32\profapi.dll

VM Arguments:
jvm_args: -Djava.awt.headless=true -Xmx1024M -Dfile.encoding=windows-1252 -Duser.country=IN -Duser.language=en -Duser.variant 
java_command: com.android.dx.command.Main --dex --force-jumbo --num-threads=4 --multi-dex --output E:\appathon\AndroidLoginAndRegistration v2\AndroidLoginAndRegistration\app\build\intermediates\transforms\dex\debug\folders\1000\10\classes_70c239382b8e41d1bae404430f909cfc80a1d870 C:\Users\subha\.android\build-cache\bb82797a65d34ac9c37aac4172f55752d979fb4b\output\jars\classes.jar
java_class_path (initial): C:\Users\subha\AppData\Local\Android\sdk\build-tools\25.0.0\lib\dx.jar
Launcher Type: SUN_STANDARD

Environment Variables:
JAVA_HOME=C:\Program Files\Java\jdk1.8.0_74\
PATH=C:\Program Files (x86)\Intel\iCLS Client\;C:\Program Files\Intel\iCLS Client\;C:\Windows\system32;C:\Windows;C:\Windows\System32\Wbem;C:\Windows\System32\WindowsPowerShell\v1.0\;C:\Program Files (x86)\Intel\Intel(R) Management Engine Components\DAL;C:\Program Files\Intel\Intel(R) Management Engine Components\DAL;C:\Program Files (x86)\Intel\Intel(R) Management Engine Components\IPT;C:\Program Files\Intel\Intel(R) Management Engine Components\IPT;C:\Program Files (x86)\NVIDIA Corporation\PhysX\Common;C:\Program Files (x86)\GtkSharp\2.12\bin;C:\WINDOWS\system32;C:\WINDOWS;C:\WINDOWS\System32\Wbem;C:\WINDOWS\System32\WindowsPowerShell\v1.0\;C:\Program Files (x86)\Common Files\lenovo\easyplussdk\bin;C:\Program Files\Git\cmd;C:\Program Files\Git\mingw64\bin;C:\Program Files\Git\usr\bin;C:\Program Files\Java\jdk1.8.0_74
USERNAME=subha
OS=Windows_NT
PROCESSOR_IDENTIFIER=Intel64 Family 6 Model 78 Stepping 3, GenuineIntel



---------------  S Y S T E M  ---------------

OS: Windows 10.0 , 64 bit Build 14393 (10.0.14393.0)

CPU:total 4 (2 cores per cpu, 2 threads per core) family 6 model 78 stepping 3, cmov, cx8, fxsr, mmx, sse, sse2, sse3, ssse3, sse4.1, sse4.2, popcnt, avx, avx2, aes, clmul, erms, 3dnowpref, lzcnt, ht, tsc, tscinvbit, bmi1, bmi2, adx

Memory: 4k page, physical 8223592k(1454760k free), swap 18072296k(3428k free)

vm_info: Java HotSpot(TM) 64-Bit Server VM (25.74-b02) for windows-amd64 JRE (1.8.0_74-b02), built on Jan 29 2016 17:42:36 by "java_re" with MS VC++ 10.0 (VS2010)

time: Sun Apr 16 05:24:31 2017
elapsed time: 4 seconds (0d 0h 0m 4s)

