#
# There is insufficient memory for the Java Runtime Environment to continue.
# Native memory allocation (malloc) failed to allocate 32784 bytes for Chunk::new
# Possible reasons:
#   The system is out of physical RAM or swap space
#   In 32 bit mode, the process size limit was hit
# Possible solutions:
#   Reduce memory load on the system
#   Increase physical memory or swap space
#   Check if swap backing store is full
#   Use 64 bit Java on a 64 bit OS
#   Decrease Java heap size (-Xmx/-Xms)
#   Decrease number of Java threads
#   Decrease Java thread stack sizes (-Xss)
#   Set larger code cache with -XX:ReservedCodeCacheSize=
# This output file may be truncated or incomplete.
#
#  Out of Memory Error (allocation.cpp:390), pid=13168, tid=6728
#
# JRE version: Java(TM) SE Runtime Environment (8.0_74-b02) (build 1.8.0_74-b02)
# Java VM: Java HotSpot(TM) 64-Bit Server VM (25.74-b02 mixed mode windows-amd64 compressed oops)
# Failed to write core dump. Minidumps are not enabled by default on client versions of Windows
#

---------------  T H R E A D  ---------------

Current thread (0x00000000152e0000):  JavaThread "C2 CompilerThread1" daemon [_thread_in_native, id=6728, stack(0x0000000016a30000,0x0000000016b30000)]

Stack: [0x0000000016a30000,0x0000000016b30000]
[error occurred during error reporting (printing stack bounds), id 0xc0000005]

Native frames: (J=compiled Java code, j=interpreted, Vv=VM code, C=native code)


Current CompileTask:
C2:   4045  665       4       com.android.dx.ssa.NormalSsaInsn::accept (25 bytes)


---------------  P R O C E S S  ---------------

Java Threads: ( => current thread )
  0x0000000016e92800 JavaThread "pool-1-thread-4" [_thread_in_Java, id=4456, stack(0x0000000017630000,0x0000000017730000)]
  0x0000000016e91000 JavaThread "pool-1-thread-3" [_thread_in_vm, id=13840, stack(0x0000000017530000,0x0000000017630000)]
  0x0000000016e8c800 JavaThread "pool-1-thread-2" [_thread_in_Java, id=4420, stack(0x0000000017430000,0x0000000017530000)]
  0x0000000016e89000 JavaThread "pool-2-thread-1" [_thread_blocked, id=14616, stack(0x0000000017330000,0x0000000017430000)]
  0x0000000016eb3000 JavaThread "pool-1-thread-1" [_thread_in_Java, id=5828, stack(0x0000000017230000,0x0000000017330000)]
  0x0000000016c35800 JavaThread "Service Thread" daemon [_thread_blocked, id=18544, stack(0x0000000017030000,0x0000000017130000)]
  0x0000000015339000 JavaThread "C1 CompilerThread2" daemon [_thread_blocked, id=5492, stack(0x0000000016b30000,0x0000000016c30000)]
=>0x00000000152e0000 JavaThread "C2 CompilerThread1" daemon [_thread_in_native, id=6728, stack(0x0000000016a30000,0x0000000016b30000)]
  0x00000000152dd000 JavaThread "C2 CompilerThread0" daemon [_thread_blocked, id=2128, stack(0x0000000016930000,0x0000000016a30000)]
  0x00000000152db000 JavaThread "Attach Listener" daemon [_thread_blocked, id=864, stack(0x0000000016830000,0x0000000016930000)]
  0x00000000152da000 JavaThread "Signal Dispatcher" daemon [_thread_blocked, id=14768, stack(0x0000000016730000,0x0000000016830000)]
  0x00000000152ca800 JavaThread "Finalizer" daemon [_thread_blocked, id=12440, stack(0x0000000016540000,0x0000000016640000)]
  0x00000000152a9000 JavaThread "Reference Handler" daemon [_thread_blocked, id=20728, stack(0x0000000016440000,0x0000000016540000)]
  0x0000000002a0d800 JavaThread "main" [_thread_in_Java, id=19200, stack(0x0000000002a10000,0x0000000002b10000)]

Other Threads:
  0x00000000152a6800 VMThread [stack: 0x0000000016340000,0x0000000016440000] [id=5808]
  0x0000000016c4a800 WatcherThread [stack: 0x0000000017130000,0x0000000017230000] [id=20088]

VM state:not at safepoint (normal execution)

VM Mutex/Monitor currently owned by a thread: None

Heap:
 PSYoungGen      total 37888K, used 15741K [0x00000000eab00000, 0x00000000ed500000, 0x0000000100000000)
  eden space 32768K, 48% used [0x00000000eab00000,0x00000000eba5f768,0x00000000ecb00000)
  from space 5120K, 0% used [0x00000000ed000000,0x00000000ed000000,0x00000000ed500000)
  to   space 5120K, 0% used [0x00000000ecb00000,0x00000000ecb00000,0x00000000ed000000)
 ParOldGen       total 86016K, used 0K [0x00000000c0000000, 0x00000000c5400000, 0x00000000eab00000)
  object space 86016K, 0% used [0x00000000c0000000,0x00000000c0000000,0x00000000c5400000)
 Metaspace       used 5657K, capacity 6642K, committed 6784K, reserved 1056768K
  class space    used 598K, capacity 618K, committed 640K, reserved 1048576K

Card table byte_map: [0x0000000011fd0000,0x00000000121e0000] byte_map_base: 0x00000000119d0000

Marking Bits: (ParMarkBitMap*) 0x000000006c8f0600
 Begin Bits: [0x0000000012740000, 0x0000000013740000)
 End Bits:   [0x0000000013740000, 0x0000000014740000)

Polling page: 0x00000000011a0000

CodeCache: size=245760Kb used=2548Kb max_used=2548Kb free=243211Kb
 bounds [0x0000000002c10000, 0x0000000002e90000, 0x0000000011c10000]
 total_blobs=917 nmethods=646 adapters=182
 compilation: disabled (not enough contiguous free space left)

Compilation events (10 events):
Event: 3.993 Thread 0x0000000015339000  654       3       com.android.dx.rop.code.RopMethod::labelToPredecessors (54 bytes)
Event: 3.994 Thread 0x0000000015339000 nmethod 654 0x0000000002e8cf10 code [0x0000000002e8d100, 0x0000000002e8d9f8]
Event: 3.994 Thread 0x0000000015339000  657   !   3       com.android.dx.rop.code.LocalVariableInfo::getStarts0 (18 bytes)
Event: 3.995 Thread 0x0000000015339000 nmethod 657 0x0000000002e8c990 code [0x0000000002e8cb00, 0x0000000002e8cd68]
Event: 3.995 Thread 0x0000000015339000  670   !   3       com.android.dx.ssa.LocalVariableInfo::getStarts0 (18 bytes)
Event: 3.995 Thread 0x0000000015339000 nmethod 670 0x0000000002e7ec10 code [0x0000000002e7ed80, 0x0000000002e7efe8]
Event: 3.995 Thread 0x0000000015339000  646       3       com.android.dx.util.LabeledList::set (45 bytes)
Event: 3.997 Thread 0x00000000152dd000  674   !   4       com.android.dx.util.FixedSizeList::<init> (36 bytes)
Event: 3.998 Thread 0x0000000015339000 

Event: 4.000 Thread 0x00000000152dd000 


GC Heap History (0 events):
No events

Deoptimization events (4 events):
Event: 3.984 Thread 0x0000000016e92800 Uncommon trap: reason=class_check action=maybe_recompile pc=0x0000000002e82134 method=com.android.dx.ssa.NormalSsaInsn.accept(Lcom/android/dx/ssa/SsaInsn$Visitor;)V @ 9
Event: 3.984 Thread 0x0000000016e92800 Uncommon trap: reason=class_check action=maybe_recompile pc=0x0000000002e82134 method=com.android.dx.ssa.NormalSsaInsn.accept(Lcom/android/dx/ssa/SsaInsn$Visitor;)V @ 9
Event: 3.984 Thread 0x0000000016e92800 Uncommon trap: reason=class_check action=maybe_recompile pc=0x0000000002e82134 method=com.android.dx.ssa.NormalSsaInsn.accept(Lcom/android/dx/ssa/SsaInsn$Visitor;)V @ 9
Event: 3.985 Thread 0x0000000016e92800 Uncommon trap: reason=class_check action=maybe_recompile pc=0x0000000002e82134 method=com.android.dx.ssa.NormalSsaInsn.accept(Lcom/android/dx/ssa/SsaInsn$Visitor;)V @ 9

Internal exceptions (2 events):
Event: 0.188 Thread 0x0000000002a0d800 Exception <a 'java/lang/NoSuchMethodError': Method sun.misc.Unsafe.defineClass(Ljava/lang/String;[BII)Ljava/lang/Class; name or signature does not match> (0x00000000eab07cc0) thrown at [C:\re\workspace\8-2-build-windows-amd64-cygwin\jdk8u74\6087\hotspot\sr§3Ã”d»?
Event: 0.188 Thread 0x0000000002a0d800 Exception <a 'java/lang/NoSuchMethodError': Method sun.misc.Unsafe.prefetchRead(Ljava/lang/Object;J)V name or signature does not match> (0x00000000eab07fa8) thrown at [C:\re\workspace\8-2-build-windows-amd64-cygwin\jdk8u74\6087\hotspot\src\share\vm\prims\j

Events (10 events):
Event: 3.984 Thread 0x0000000016e92800 Uncommon trap: trap_request=0xffffffde fr.pc=0x0000000002e82134
Event: 3.984 Thread 0x0000000016e92800 DEOPT PACKING pc=0x0000000002e82134 sp=0x000000001772e7e0
Event: 3.984 Thread 0x0000000016e92800 DEOPT UNPACKING pc=0x0000000002c5582a sp=0x000000001772e810 mode 2
Event: 3.984 Thread 0x0000000016e92800 Uncommon trap: trap_request=0xffffffde fr.pc=0x0000000002e82134
Event: 3.984 Thread 0x0000000016e92800 DEOPT PACKING pc=0x0000000002e82134 sp=0x000000001772e740
Event: 3.984 Thread 0x0000000016e92800 DEOPT UNPACKING pc=0x0000000002c5582a sp=0x000000001772e770 mode 2
Event: 3.985 Thread 0x0000000016e92800 Uncommon trap: trap_request=0xffffffde fr.pc=0x0000000002e82134
Event: 3.985 Thread 0x0000000016e92800 DEOPT PACKING pc=0x0000000002e82134 sp=0x000000001772ea40
Event: 3.985 Thread 0x0000000016e92800 DEOPT UNPACKING pc=0x0000000002c5582a sp=0x000000001772ea70 mode 2
Event: 4.014 loading class java/util/TreeMap$EntrySet


Dynamic libraries:
0x00007ff7e7190000 - 0x00007ff7e71c7000 	C:\Program Files\Java\jdk1.8.0_74\bin\java.exe
0x00007ffbf5fa0000 - 0x00007ffbf6171000 	C:\WINDOWS\SYSTEM32\ntdll.dll
0x00007ffbf5d90000 - 0x00007ffbf5e3b000 	C:\WINDOWS\System32\KERNEL32.DLL
0x00007ffbf2990000 - 0x00007ffbf2bad000 	C:\WINDOWS\System32\KERNELBASE.dll
0x00007ffbf58f0000 - 0x00007ffbf5992000 	C:\WINDOWS\System32\ADVAPI32.dll
0x00007ffbf5ea0000 - 0x00007ffbf5f3e000 	C:\WINDOWS\System32\msvcrt.dll
0x00007ffbf3530000 - 0x00007ffbf3589000 	C:\WINDOWS\System32\sechost.dll
0x00007ffbf5b00000 - 0x00007ffbf5c21000 	C:\WINDOWS\System32\RPCRT4.dll
0x00007ffbf3590000 - 0x00007ffbf36f5000 	C:\WINDOWS\System32\USER32.dll
0x00007ffbf3510000 - 0x00007ffbf352e000 	C:\WINDOWS\System32\win32u.dll
0x00007ffbf52c0000 - 0x00007ffbf52f4000 	C:\WINDOWS\System32\GDI32.dll
0x00007ffbf2800000 - 0x00007ffbf2982000 	C:\WINDOWS\System32\gdi32full.dll
0x00007ffbecca0000 - 0x00007ffbecf1a000 	C:\WINDOWS\WinSxS\amd64_microsoft.windows.common-controls_6595b64144ccf1df_6.0.14393.953_none_42151e83c686086b\COMCTL32.dll
0x00007ffbf5620000 - 0x00007ffbf58e8000 	C:\WINDOWS\System32\combase.dll
0x00007ffbf2700000 - 0x00007ffbf27f5000 	C:\WINDOWS\System32\ucrtbase.dll
0x00007ffbf2530000 - 0x00007ffbf259a000 	C:\WINDOWS\System32\bcryptPrimitives.dll
0x00007ffbf4de0000 - 0x00007ffbf4e0e000 	C:\WINDOWS\System32\IMM32.DLL
0x000000006eb70000 - 0x000000006ec42000 	C:\Program Files\Java\jdk1.8.0_74\jre\bin\msvcr100.dll
0x000000006c0e0000 - 0x000000006c970000 	C:\Program Files\Java\jdk1.8.0_74\jre\bin\server\jvm.dll
0x00007ffbf5470000 - 0x00007ffbf5478000 	C:\WINDOWS\System32\PSAPI.DLL
0x00007ffbef9e0000 - 0x00007ffbef9e9000 	C:\WINDOWS\SYSTEM32\WSOCK32.dll
0x00007ffbf02d0000 - 0x00007ffbf02f3000 	C:\WINDOWS\SYSTEM32\WINMM.dll
0x00007ffbef040000 - 0x00007ffbef04a000 	C:\WINDOWS\SYSTEM32\VERSION.dll
0x00007ffbf0270000 - 0x00007ffbf029b000 	C:\WINDOWS\SYSTEM32\WINMMBASE.dll
0x00007ffbf34c0000 - 0x00007ffbf3502000 	C:\WINDOWS\System32\cfgmgr32.dll
0x00007ffbf4d70000 - 0x00007ffbf4dda000 	C:\WINDOWS\System32\WS2_32.dll
0x000000006eb60000 - 0x000000006eb6f000 	C:\Program Files\Java\jdk1.8.0_74\jre\bin\verify.dll
0x000000006eb30000 - 0x000000006eb59000 	C:\Program Files\Java\jdk1.8.0_74\jre\bin\java.dll
0x000000006eb10000 - 0x000000006eb26000 	C:\Program Files\Java\jdk1.8.0_74\jre\bin\zip.dll
0x00007ffbf3700000 - 0x00007ffbf4c09000 	C:\WINDOWS\System32\SHELL32.dll
0x00007ffbf2bb0000 - 0x00007ffbf328a000 	C:\WINDOWS\System32\windows.storage.dll
0x00007ffbf2420000 - 0x00007ffbf246c000 	C:\WINDOWS\System32\powrprof.dll
0x00007ffbf5e40000 - 0x00007ffbf5e92000 	C:\WINDOWS\System32\shlwapi.dll
0x00007ffbf2400000 - 0x00007ffbf240f000 	C:\WINDOWS\System32\kernel.appcore.dll
0x00007ffbf2650000 - 0x00007ffbf26f9000 	C:\WINDOWS\System32\shcore.dll
0x00007ffbf2470000 - 0x00007ffbf2484000 	C:\WINDOWS\System32\profapi.dll

VM Arguments:
jvm_args: -Xmx1024M -Dfile.encoding=windows-1252 -Duser.country=IN -Duser.language=en -Duser.variant 
java_command: com.android.dx.command.Main --dex --num-threads=4 --output E:\appathon\AndroidLoginAndRegistration v2\AndroidLoginAndRegistration\app\build\intermediates\pre-dexed\debug\classes-364515cda502c804404b044b8d86c22ed764d2e5.jar E:\appathon\AndroidLoginAndRegistration v2\AndroidLoginAndRegistration\app\build\intermediates\exploded-aar\com.android.support\recyclerview-v7\23.1.1\jars\classes.jar
java_class_path (initial): C:\Users\subha\AppData\Local\Android\sdk\build-tools\23.0.2\lib\dx.jar
Launcher Type: SUN_STANDARD

Environment Variables:
JAVA_HOME=C:\Program Files\Java\jdk1.8.0_74\
PATH=C:\Program Files (x86)\Intel\iCLS Client\;C:\Program Files\Intel\iCLS Client\;C:\Windows\system32;C:\Windows;C:\Windows\System32\Wbem;C:\Windows\System32\WindowsPowerShell\v1.0\;C:\Program Files (x86)\Intel\Intel(R) Management Engine Components\DAL;C:\Program Files\Intel\Intel(R) Management Engine Components\DAL;C:\Program Files (x86)\Intel\Intel(R) Management Engine Components\IPT;C:\Program Files\Intel\Intel(R) Management Engine Components\IPT;C:\Program Files (x86)\NVIDIA Corporation\PhysX\Common;C:\Program Files (x86)\GtkSharp\2.12\bin;C:\WINDOWS\system32;C:\WINDOWS;C:\WINDOWS\System32\Wbem;C:\WINDOWS\System32\WindowsPowerShell\v1.0\;C:\Program Files (x86)\Common Files\lenovo\easyplussdk\bin;C:\Program Files\Git\cmd;C:\Program Files\Git\mingw64\bin;C:\Program Files\Git\usr\bin;C:\Program Files\Java\jdk1.8.0_74
USERNAME=subha
OS=Windows_NT
PROCESSOR_IDENTIFIER=Intel64 Family 6 Model 78 Stepping 3, GenuineIntel



---------------  S Y S T E M  ---------------

OS: Windows 10.0 , 64 bit Build 14393 (10.0.14393.0)

CPU:total 4 (2 cores per cpu, 2 threads per core) family 6 model 78 stepping 3, cmov, cx8, fxsr, mmx, sse, sse2, sse3, ssse3, sse4.1, sse4.2, popcnt, avx, avx2, aes, clmul, erms, 3dnowpref, lzcnt, ht, tsc, tscinvbit, bmi1, bmi2, adx

Memory: 4k page, physical 8223592k(465068k free), swap 18072296k(3100k free)

vm_info: Java HotSpot(TM) 64-Bit Server VM (25.74-b02) for windows-amd64 JRE (1.8.0_74-b02), built on Jan 29 2016 17:42:36 by "java_re" with MS VC++ 10.0 (VS2010)

time: Sun Apr 16 05:17:13 2017
elapsed time: 4 seconds (0d 0h 0m 4s)

