#
# There is insufficient memory for the Java Runtime Environment to continue.
# Native memory allocation (malloc) failed to allocate 1048576 bytes for AllocateHeap
# Possible reasons:
#   The system is out of physical RAM or swap space
#   In 32 bit mode, the process size limit was hit
# Possible solutions:
#   Reduce memory load on the system
#   Increase physical memory or swap space
#   Check if swap backing store is full
#   Use 64 bit Java on a 64 bit OS
#   Decrease Java heap size (-Xmx/-Xms)
#   Decrease number of Java threads
#   Decrease Java thread stack sizes (-Xss)
#   Set larger code cache with -XX:ReservedCodeCacheSize=
# This output file may be truncated or incomplete.
#
#  Out of Memory Error (memory/allocation.inline.hpp:61), pid=18416, tid=5900
#
# JRE version:  (8.0_74-b02) (build )
# Java VM: Java HotSpot(TM) 64-Bit Server VM (25.74-b02 mixed mode windows-amd64 compressed oops)
# Failed to write core dump. Minidumps are not enabled by default on client versions of Windows
#

---------------  T H R E A D  ---------------

Current thread (0x0000000002f1e000):  JavaThread "Unknown thread" [_thread_in_vm, id=5900, stack(0x0000000002f20000,0x0000000003020000)]

Stack: [0x0000000002f20000,0x0000000003020000]
[error occurred during error reporting (printing stack bounds), id 0xc0000005]

Native frames: (J=compiled Java code, j=interpreted, Vv=VM code, C=native code)


---------------  P R O C E S S  ---------------

Java Threads: ( => current thread )

Other Threads:

=>0x0000000002f1e000 (exited) JavaThread "Unknown thread" [_thread_in_vm, id=5900, stack(0x0000000002f20000,0x0000000003020000)]

VM state:not at safepoint (normal execution)

VM Mutex/Monitor currently owned by a thread: None

Heap:
 PSYoungGen      total 37888K, used 655K [0x00000000eab00000, 0x00000000ed500000, 0x0000000100000000)
  eden space 32768K, 2% used [0x00000000eab00000,0x00000000eaba3d80,0x00000000ecb00000)
  from space 5120K, 0% used [0x00000000ed000000,0x00000000ed000000,0x00000000ed500000)
  to   space 5120K, 0% used [0x00000000ecb00000,0x00000000ecb00000,0x00000000ed000000)
 ParOldGen       total 86016K, used 0K [0x00000000c0000000, 0x00000000c5400000, 0x00000000eab00000)
  object space 86016K, 0% used [0x00000000c0000000,0x00000000c0000000,0x00000000c5400000)
 Metaspace       used 769K, capacity 4480K, committed 4480K, reserved 1056768K
  class space    used 75K, capacity 384K, committed 384K, reserved 1048576K

Card table byte_map: [0x00000000124e0000,0x00000000126f0000] byte_map_base: 0x0000000011ee0000

Marking Bits: (ParMarkBitMap*) 0x000000006c8f0600
 Begin Bits: [0x0000000012c50000, 0x0000000013c50000)
 End Bits:   [0x0000000013c50000, 0x0000000014c50000)

Polling page: 0x0000000002de0000

CodeCache: size=245760Kb used=328Kb max_used=328Kb free=245431Kb
 bounds [0x0000000003120000, 0x0000000003390000, 0x0000000012120000]
 total_blobs=58 nmethods=0 adapters=38
 compilation: enabled

Compilation events (0 events):
No events

GC Heap History (0 events):
No events

Deoptimization events (0 events):
No events

Internal exceptions (0 events):
No events

Events (10 events):
Event: 0.249 loading class java/lang/Short
Event: 0.249 loading class java/lang/Short done
Event: 0.249 loading class java/lang/Integer
Event: 0.250 loading class java/lang/Integer done
Event: 0.250 loading class java/lang/Long
Event: 0.250 loading class java/lang/Long done
Event: 0.251 loading class java/lang/NullPointerException
Event: 0.252 loading class java/lang/NullPointerException done
Event: 0.252 loading class java/lang/ArithmeticException
Event: 0.252 loading class java/lang/ArithmeticException done


Dynamic libraries:
0x00007ff7e7190000 - 0x00007ff7e71c7000 	C:\Program Files\Java\jdk1.8.0_74\bin\java.exe
0x00007ffbf5fa0000 - 0x00007ffbf6171000 	C:\WINDOWS\SYSTEM32\ntdll.dll
0x00007ffbf5d90000 - 0x00007ffbf5e3b000 	C:\WINDOWS\System32\KERNEL32.DLL
0x00007ffbf2990000 - 0x00007ffbf2bad000 	C:\WINDOWS\System32\KERNELBASE.dll
0x00007ffbf58f0000 - 0x00007ffbf5992000 	C:\WINDOWS\System32\ADVAPI32.dll
0x00007ffbf5ea0000 - 0x00007ffbf5f3e000 	C:\WINDOWS\System32\msvcrt.dll
0x00007ffbf3530000 - 0x00007ffbf3589000 	C:\WINDOWS\System32\sechost.dll
0x00007ffbf5b00000 - 0x00007ffbf5c21000 	C:\WINDOWS\System32\RPCRT4.dll
0x00007ffbf3590000 - 0x00007ffbf36f5000 	C:\WINDOWS\System32\USER32.dll
0x00007ffbf3510000 - 0x00007ffbf352e000 	C:\WINDOWS\System32\win32u.dll
0x00007ffbf52c0000 - 0x00007ffbf52f4000 	C:\WINDOWS\System32\GDI32.dll
0x00007ffbf2800000 - 0x00007ffbf2982000 	C:\WINDOWS\System32\gdi32full.dll
0x00007ffbecca0000 - 0x00007ffbecf1a000 	C:\WINDOWS\WinSxS\amd64_microsoft.windows.common-controls_6595b64144ccf1df_6.0.14393.953_none_42151e83c686086b\COMCTL32.dll
0x00007ffbf5620000 - 0x00007ffbf58e8000 	C:\WINDOWS\System32\combase.dll
0x00007ffbf2700000 - 0x00007ffbf27f5000 	C:\WINDOWS\System32\ucrtbase.dll
0x00007ffbf2530000 - 0x00007ffbf259a000 	C:\WINDOWS\System32\bcryptPrimitives.dll
0x00007ffbf4de0000 - 0x00007ffbf4e0e000 	C:\WINDOWS\System32\IMM32.DLL
0x000000006eb70000 - 0x000000006ec42000 	C:\Program Files\Java\jdk1.8.0_74\jre\bin\msvcr100.dll
0x000000006c0e0000 - 0x000000006c970000 	C:\Program Files\Java\jdk1.8.0_74\jre\bin\server\jvm.dll
0x00007ffbf5470000 - 0x00007ffbf5478000 	C:\WINDOWS\System32\PSAPI.DLL
0x00007ffbef9e0000 - 0x00007ffbef9e9000 	C:\WINDOWS\SYSTEM32\WSOCK32.dll
0x00007ffbf4d70000 - 0x00007ffbf4dda000 	C:\WINDOWS\System32\WS2_32.dll
0x00007ffbf02d0000 - 0x00007ffbf02f3000 	C:\WINDOWS\SYSTEM32\WINMM.dll
0x00007ffbef040000 - 0x00007ffbef04a000 	C:\WINDOWS\SYSTEM32\VERSION.dll
0x00007ffbf0270000 - 0x00007ffbf029b000 	C:\WINDOWS\SYSTEM32\WINMMBASE.dll
0x00007ffbf34c0000 - 0x00007ffbf3502000 	C:\WINDOWS\System32\cfgmgr32.dll
0x000000006eb60000 - 0x000000006eb6f000 	C:\Program Files\Java\jdk1.8.0_74\jre\bin\verify.dll
0x000000006eb30000 - 0x000000006eb59000 	C:\Program Files\Java\jdk1.8.0_74\jre\bin\java.dll
0x000000006eb10000 - 0x000000006eb26000 	C:\Program Files\Java\jdk1.8.0_74\jre\bin\zip.dll

VM Arguments:
jvm_args: -Djava.awt.headless=true -Xmx1024M -Dfile.encoding=windows-1252 -Duser.country=IN -Duser.language=en -Duser.variant 
java_command: com.android.dx.command.Main --dex --force-jumbo --num-threads=4 --multi-dex --output E:\appathon\AndroidLoginAndRegistration v2\AndroidLoginAndRegistration\app\build\intermediates\transforms\dex\debug\folders\1000\10\classes_70c239382b8e41d1bae404430f909cfc80a1d870 C:\Users\subha\.android\build-cache\bb82797a65d34ac9c37aac4172f55752d979fb4b\output\jars\classes.jar
java_class_path (initial): C:\Users\subha\AppData\Local\Android\sdk\build-tools\25.0.0\lib\dx.jar
Launcher Type: SUN_STANDARD

Environment Variables:
JAVA_HOME=C:\Program Files\Java\jdk1.8.0_74\
PATH=C:\Program Files (x86)\Intel\iCLS Client\;C:\Program Files\Intel\iCLS Client\;C:\Windows\system32;C:\Windows;C:\Windows\System32\Wbem;C:\Windows\System32\WindowsPowerShell\v1.0\;C:\Program Files (x86)\Intel\Intel(R) Management Engine Components\DAL;C:\Program Files\Intel\Intel(R) Management Engine Components\DAL;C:\Program Files (x86)\Intel\Intel(R) Management Engine Components\IPT;C:\Program Files\Intel\Intel(R) Management Engine Components\IPT;C:\Program Files (x86)\NVIDIA Corporation\PhysX\Common;C:\Program Files (x86)\GtkSharp\2.12\bin;C:\WINDOWS\system32;C:\WINDOWS;C:\WINDOWS\System32\Wbem;C:\WINDOWS\System32\WindowsPowerShell\v1.0\;C:\Program Files (x86)\Common Files\lenovo\easyplussdk\bin;C:\Program Files\Git\cmd;C:\Program Files\Git\mingw64\bin;C:\Program Files\Git\usr\bin;C:\Program Files\Java\jdk1.8.0_74
USERNAME=subha
OS=Windows_NT
PROCESSOR_IDENTIFIER=Intel64 Family 6 Model 78 Stepping 3, GenuineIntel



---------------  S Y S T E M  ---------------

OS: Windows 10.0 , 64 bit Build 14393 (10.0.14393.0)

CPU:total 4 (2 cores per cpu, 2 threads per core) family 6 model 78 stepping 3, cmov, cx8, fxsr, mmx, sse, sse2, sse3, ssse3, sse4.1, sse4.2, popcnt, avx, avx2, aes, clmul, erms, 3dnowpref, lzcnt, ht, tsc, tscinvbit, bmi1, bmi2, adx

Memory: 4k page, physical 8223592k(952252k free), swap 18072296k(4932k free)

vm_info: Java HotSpot(TM) 64-Bit Server VM (25.74-b02) for windows-amd64 JRE (1.8.0_74-b02), built on Jan 29 2016 17:42:36 by "java_re" with MS VC++ 10.0 (VS2010)

time: Sun Apr 16 05:23:09 2017
elapsed time: 0 seconds (0d 0h 0m 0s)

